Using pre-set license
Built from '2021.1/staging' branch; Version is '2021.1.6f1 (c0fade0cc7e9) revision 12647134'; Using compiler version '192528614'; Build Type 'Release'
OS: 'Windows 10 Pro; OS build 19045.2486; Version 2009; 64bit' Language: 'ru' Physical Memory: 7805 MB
BatchMode: 1, IsHumanControllingUs: 0, StartBugReporterOnCrash: 0, Is64bit: 1, IsPro: 0

 COMMAND LINE ARGUMENTS:
C:\Program Files\Unity 2021.1.6f1\Editor\Unity.exe
-adb2
-batchMode
-noUpm
-name
AssetImportWorker6
-projectPath
G:/Учеба/C#/Unity задачи/Classandobject
-logFile
Logs/AssetImportWorker6.log
-srvPort
50574
Successfully changed project path to: G:/Учеба/C#/Unity задачи/Classandobject
G:/Учеба/C#/Unity задачи/Classandobject
Using Asset Import Pipeline V2.
Refreshing native plugins compatible for Editor in 1051.13 ms, found 1 plugins.
Preloading 0 native plugins for Editor in 0.00 ms.
Initialize engine version: 2021.1.6f1 (c0fade0cc7e9)
[Subsystems] Discovering subsystems at path C:/Program Files/Unity 2021.1.6f1/Editor/Data/Resources/UnitySubsystems
[Subsystems] Discovering subsystems at path G:/Учеба/C#/Unity задачи/Classandobject/Assets
GfxDevice: creating device client; threaded=0; jobified=0
Direct3D:
    Version:  Direct3D 11.0 [level 11.0]
    Renderer: Intel(R) HD Graphics (ID=0x156)
    Vendor:   Intel
    VRAM:     128 MB
    Driver:   10.18.10.5161
Initialize mono
Mono path[0] = 'C:/Program Files/Unity 2021.1.6f1/Editor/Data/Managed'
Mono path[1] = 'C:/Program Files/Unity 2021.1.6f1/Editor/Data/MonoBleedingEdge/lib/mono/unityjit'
Mono config path = 'C:/Program Files/Unity 2021.1.6f1/Editor/Data/MonoBleedingEdge/etc'
Using monoOptions --debugger-agent=transport=dt_socket,embedding=1,server=y,suspend=n,address=127.0.0.1:56644
Begin MonoManager ReloadAssembly
Registering precompiled unity dll's ...
Register platform support module: C:/Program Files/Unity 2021.1.6f1/Editor/Data/PlaybackEngines/WindowsStandaloneSupport/UnityEditor.WindowsStandalone.Extensions.dll
Registered in 0.022917 seconds.
Native extension for WindowsStandalone target not found
Refreshing native plugins compatible for Editor in 389.53 ms, found 1 plugins.
Preloading 0 native plugins for Editor in 0.00 ms.
Mono: successfully reloaded assembly
- Completed reload, in  5.548 seconds
Platform modules already initialized, skipping
Registering precompiled user dll's ...
Registered in 0.006376 seconds.
Begin MonoManager ReloadAssembly
Native extension for WindowsStandalone target not found
Refreshing native plugins compatible for Editor in 24.28 ms, found 1 plugins.
Preloading 0 native plugins for Editor in 0.00 ms.
Mono: successfully reloaded assembly
- Completed reload, in  6.940 seconds
Platform modules already initialized, skipping
========================================================================
Worker process is ready to serve import requests
Launched and connected shader compiler UnityShaderCompiler.exe after 0.63 seconds
Refreshing native plugins compatible for Editor in 0.92 ms, found 1 plugins.
Preloading 0 native plugins for Editor in 0.00 ms.
Unloading 2676 Unused Serialized files (Serialized files now loaded: 0)
System memory in use before: 98.6 MB.
System memory in use after: 98.7 MB.

Unloading 15 unused Assets to reduce memory usage. Loaded Objects now: 3129.
Total: 3.944100 ms (FindLiveObjects: 0.326900 ms CreateObjectMapping: 0.289100 ms MarkObjects: 3.199200 ms  DeleteObjects: 0.126100 ms)

========================================================================
Received Import Request.
  path: Assets/Scripts/MenuController.cs
  artifactKey: Guid(7e66db67855083f4e9695e602173a2d9) Importer(815301076,1909f56bfc062723c751e8b465ee728b)
Start importing Assets/Scripts/MenuController.cs using Guid(7e66db67855083f4e9695e602173a2d9) Importer(815301076,1909f56bfc062723c751e8b465ee728b)  -> (artifact id: '338b4e2232b411e8d96afc0cdac6c757') in 0.261180 seconds 
========================================================================
Received Prepare
Registering precompiled user dll's ...
Registered in 0.058569 seconds.
Begin MonoManager ReloadAssembly
Native extension for WindowsStandalone target not found
Refreshing native plugins compatible for Editor in 2.58 ms, found 1 plugins.
Preloading 0 native plugins for Editor in 0.00 ms.
Mono: successfully reloaded assembly
- Completed reload, in 28.068 seconds
Platform modules already initialized, skipping
Refreshing native plugins compatible for Editor in 3.95 ms, found 1 plugins.
Preloading 0 native plugins for Editor in 0.00 ms.
Unloading 2671 Unused Serialized files (Serialized files now loaded: 0)
System memory in use before: 98.6 MB.
System memory in use after: 98.7 MB.

Unloading 10 unused Assets to reduce memory usage. Loaded Objects now: 3132.
Total: 37.585900 ms (FindLiveObjects: 2.580700 ms CreateObjectMapping: 1.107000 ms MarkObjects: 33.664600 ms  DeleteObjects: 0.230100 ms)

========================================================================
Received Prepare
Registering precompiled user dll's ...
Registered in 5.042702 seconds.
Begin MonoManager ReloadAssembly
Native extension for WindowsStandalone target not found
Refreshing native plugins compatible for Editor in 1.18 ms, found 1 plugins.
Preloading 0 native plugins for Editor in 0.00 ms.
Mono: successfully reloaded assembly
- Completed reload, in 38.617 seconds
Platform modules already initialized, skipping
Refreshing native plugins compatible for Editor in 7.37 ms, found 1 plugins.
Preloading 0 native plugins for Editor in 0.00 ms.
Unloading 2671 Unused Serialized files (Serialized files now loaded: 0)
System memory in use before: 98.6 MB.
System memory in use after: 98.8 MB.

Unloading 10 unused Assets to reduce memory usage. Loaded Objects now: 3135.
Total: 35.847800 ms (FindLiveObjects: 2.319000 ms CreateObjectMapping: 9.198700 ms MarkObjects: 24.202100 ms  DeleteObjects: 0.124000 ms)

========================================================================
Received Import Request.
  Time since last request: 92079.761496 seconds.
  path: Assets/Scripts/Student.cs
  artifactKey: Guid(6d5c8f1e4aa2098489b8cfa01f3fcc13) Importer(815301076,1909f56bfc062723c751e8b465ee728b)
Start importing Assets/Scripts/Student.cs using Guid(6d5c8f1e4aa2098489b8cfa01f3fcc13) Importer(815301076,1909f56bfc062723c751e8b465ee728b)  -> (artifact id: '4407badbed86ad0998b61ded5293ffcc') in 0.054920 seconds 
========================================================================
Received Import Request.
  Time since last request: 8.638469 seconds.
  path: Assets/Scripts/Driver.cs
  artifactKey: Guid(eb571d8d6ec0ee448ada8d96bec7971a) Importer(815301076,1909f56bfc062723c751e8b465ee728b)
Start importing Assets/Scripts/Driver.cs using Guid(eb571d8d6ec0ee448ada8d96bec7971a) Importer(815301076,1909f56bfc062723c751e8b465ee728b)  -> (artifact id: 'cd65f16fa8ddce66a435f3fb40e9bae3') in 0.027557 seconds 
========================================================================
Received Prepare
Registering precompiled user dll's ...
Registered in 0.457128 seconds.
Begin MonoManager ReloadAssembly
Native extension for WindowsStandalone target not found
Refreshing native plugins compatible for Editor in 6.16 ms, found 1 plugins.
Preloading 0 native plugins for Editor in 0.00 ms.
Mono: successfully reloaded assembly
- Completed reload, in 15.673 seconds
Platform modules already initialized, skipping
Refreshing native plugins compatible for Editor in 5.26 ms, found 1 plugins.
Preloading 0 native plugins for Editor in 0.00 ms.
Unloading 2671 Unused Serialized files (Serialized files now loaded: 0)
System memory in use before: 98.6 MB.
System memory in use after: 98.8 MB.

Unloading 10 unused Assets to reduce memory usage. Loaded Objects now: 3138.
Total: 19.640800 ms (FindLiveObjects: 2.663300 ms CreateObjectMapping: 0.455900 ms MarkObjects: 16.275300 ms  DeleteObjects: 0.242300 ms)

========================================================================
Received Prepare
Registering precompiled user dll's ...
Registered in 0.008738 seconds.
Begin MonoManager ReloadAssembly
Native extension for WindowsStandalone target not found
Refreshing native plugins compatible for Editor in 0.82 ms, found 1 plugins.
Preloading 0 native plugins for Editor in 0.00 ms.
Mono: successfully reloaded assembly
- Completed reload, in  3.081 seconds
Platform modules already initialized, skipping
Refreshing native plugins compatible for Editor in 0.81 ms, found 1 plugins.
Preloading 0 native plugins for Editor in 0.00 ms.
Unloading 2671 Unused Serialized files (Serialized files now loaded: 0)
System memory in use before: 98.6 MB.
System memory in use after: 98.8 MB.

Unloading 10 unused Assets to reduce memory usage. Loaded Objects now: 3141.
Total: 3.761300 ms (FindLiveObjects: 0.305400 ms CreateObjectMapping: 0.237600 ms MarkObjects: 3.036100 ms  DeleteObjects: 0.180100 ms)

========================================================================
Received Prepare
Registering precompiled user dll's ...
Registered in 0.009750 seconds.
Begin MonoManager ReloadAssembly
Native extension for WindowsStandalone target not found
Refreshing native plugins compatible for Editor in 0.89 ms, found 1 plugins.
Preloading 0 native plugins for Editor in 0.00 ms.
Mono: successfully reloaded assembly
- Completed reload, in  4.503 seconds
Platform modules already initialized, skipping
Refreshing native plugins compatible for Editor in 1.03 ms, found 1 plugins.
Preloading 0 native plugins for Editor in 0.00 ms.
Unloading 2671 Unused Serialized files (Serialized files now loaded: 0)
System memory in use before: 98.7 MB.
System memory in use after: 98.9 MB.

Unloading 10 unused Assets to reduce memory usage. Loaded Objects now: 3144.
Total: 4.670600 ms (FindLiveObjects: 0.481300 ms CreateObjectMapping: 0.383200 ms MarkObjects: 3.698200 ms  DeleteObjects: 0.103500 ms)

