Using pre-set license
Built from '2021.1/staging' branch; Version is '2021.1.6f1 (c0fade0cc7e9) revision 12647134'; Using compiler version '192528614'; Build Type 'Release'
OS: 'Windows 10 Pro; OS build 19045.2486; Version 2009; 64bit' Language: 'ru' Physical Memory: 7805 MB
BatchMode: 1, IsHumanControllingUs: 0, StartBugReporterOnCrash: 0, Is64bit: 1, IsPro: 0

 COMMAND LINE ARGUMENTS:
C:\Program Files\Unity 2021.1.6f1\Editor\Unity.exe
-adb2
-batchMode
-noUpm
-name
AssetImportWorker1
-projectPath
G:/Учеба/C#/Unity задачи/Classandobject
-logFile
Logs/AssetImportWorker1.log
-srvPort
49787
Successfully changed project path to: G:/Учеба/C#/Unity задачи/Classandobject
G:/Учеба/C#/Unity задачи/Classandobject
Using Asset Import Pipeline V2.
Refreshing native plugins compatible for Editor in 153.08 ms, found 1 plugins.
Preloading 0 native plugins for Editor in 0.00 ms.
Initialize engine version: 2021.1.6f1 (c0fade0cc7e9)
[Subsystems] Discovering subsystems at path C:/Program Files/Unity 2021.1.6f1/Editor/Data/Resources/UnitySubsystems
[Subsystems] Discovering subsystems at path G:/Учеба/C#/Unity задачи/Classandobject/Assets
GfxDevice: creating device client; threaded=0; jobified=0
Direct3D:
    Version:  Direct3D 11.0 [level 11.0]
    Renderer: Intel(R) HD Graphics (ID=0x156)
    Vendor:   Intel
    VRAM:     128 MB
    Driver:   10.18.10.5161
Initialize mono
Mono path[0] = 'C:/Program Files/Unity 2021.1.6f1/Editor/Data/Managed'
Mono path[1] = 'C:/Program Files/Unity 2021.1.6f1/Editor/Data/MonoBleedingEdge/lib/mono/unityjit'
Mono config path = 'C:/Program Files/Unity 2021.1.6f1/Editor/Data/MonoBleedingEdge/etc'
Using monoOptions --debugger-agent=transport=dt_socket,embedding=1,server=y,suspend=n,address=127.0.0.1:56064
Begin MonoManager ReloadAssembly
Registering precompiled unity dll's ...
Register platform support module: C:/Program Files/Unity 2021.1.6f1/Editor/Data/PlaybackEngines/WindowsStandaloneSupport/UnityEditor.WindowsStandalone.Extensions.dll
Registered in 0.006380 seconds.
Native extension for WindowsStandalone target not found
Refreshing native plugins compatible for Editor in 236.95 ms, found 1 plugins.
Preloading 0 native plugins for Editor in 0.00 ms.
Mono: successfully reloaded assembly
- Completed reload, in  7.225 seconds
Platform modules already initialized, skipping
Registering precompiled user dll's ...
Registered in 0.007038 seconds.
Begin MonoManager ReloadAssembly
Native extension for WindowsStandalone target not found
Refreshing native plugins compatible for Editor in 0.90 ms, found 1 plugins.
Preloading 0 native plugins for Editor in 0.00 ms.
Mono: successfully reloaded assembly
- Completed reload, in  8.709 seconds
Platform modules already initialized, skipping
========================================================================
Worker process is ready to serve import requests
Launched and connected shader compiler UnityShaderCompiler.exe after 0.45 seconds
Refreshing native plugins compatible for Editor in 0.77 ms, found 1 plugins.
Preloading 0 native plugins for Editor in 0.00 ms.
Unloading 2674 Unused Serialized files (Serialized files now loaded: 0)
System memory in use before: 98.4 MB.
System memory in use after: 98.6 MB.

Unloading 15 unused Assets to reduce memory usage. Loaded Objects now: 3127.
Total: 3.634400 ms (FindLiveObjects: 0.364400 ms CreateObjectMapping: 0.307200 ms MarkObjects: 2.840400 ms  DeleteObjects: 0.119500 ms)

========================================================================
Received Import Request.
  path: Assets/Program.cs
  artifactKey: Guid(504432af4d16ced489af1a4363be24ca) Importer(815301076,1909f56bfc062723c751e8b465ee728b)
Start importing Assets/Program.cs using Guid(504432af4d16ced489af1a4363be24ca) Importer(815301076,1909f56bfc062723c751e8b465ee728b)  -> (artifact id: '99d927ec001d16b551e0ad5725e9aba0') in 0.296716 seconds 
========================================================================
Received Import Request.
  Time since last request: 282.624501 seconds.
  path: Assets/Program.cs
  artifactKey: Guid(504432af4d16ced489af1a4363be24ca) Importer(815301076,1909f56bfc062723c751e8b465ee728b)
Start importing Assets/Program.cs using Guid(504432af4d16ced489af1a4363be24ca) Importer(815301076,1909f56bfc062723c751e8b465ee728b)  -> (artifact id: '60960afb2ec5c0b69f2cfb22310a77bd') in 0.024040 seconds 
========================================================================
Received Import Request.
  Time since last request: 153.789484 seconds.
  path: Assets/Scripts/Human.cs
  artifactKey: Guid(950d11400661fc048929b565e917da1c) Importer(815301076,1909f56bfc062723c751e8b465ee728b)
Start importing Assets/Scripts/Human.cs using Guid(950d11400661fc048929b565e917da1c) Importer(815301076,1909f56bfc062723c751e8b465ee728b)  -> (artifact id: '95d8d5516fc463cd1f6a8fdf01ed8d6d') in 0.013271 seconds 
========================================================================
Received Import Request.
  Time since last request: 81.407940 seconds.
  path: Assets/Scripts/Human.cs
  artifactKey: Guid(950d11400661fc048929b565e917da1c) Importer(815301076,1909f56bfc062723c751e8b465ee728b)
Start importing Assets/Scripts/Human.cs using Guid(950d11400661fc048929b565e917da1c) Importer(815301076,1909f56bfc062723c751e8b465ee728b)  -> (artifact id: '85f9836976e95256996743ee775e8e51') in 0.004147 seconds 
========================================================================
Received Prepare
Registering precompiled user dll's ...
Registered in 0.007118 seconds.
Begin MonoManager ReloadAssembly
Native extension for WindowsStandalone target not found
Refreshing native plugins compatible for Editor in 0.80 ms, found 1 plugins.
Preloading 0 native plugins for Editor in 0.00 ms.
Mono: successfully reloaded assembly
- Completed reload, in  2.348 seconds
Platform modules already initialized, skipping
Refreshing native plugins compatible for Editor in 0.79 ms, found 1 plugins.
Preloading 0 native plugins for Editor in 0.00 ms.
Unloading 2670 Unused Serialized files (Serialized files now loaded: 0)
System memory in use before: 98.4 MB.
System memory in use after: 98.6 MB.

Unloading 10 unused Assets to reduce memory usage. Loaded Objects now: 3131.
Total: 5.630600 ms (FindLiveObjects: 0.734200 ms CreateObjectMapping: 0.362400 ms MarkObjects: 3.512200 ms  DeleteObjects: 1.018800 ms)

========================================================================
Received Import Request.
  Time since last request: 801.350043 seconds.
  path: Assets/Scripts/Human.cs
  artifactKey: Guid(950d11400661fc048929b565e917da1c) Importer(815301076,1909f56bfc062723c751e8b465ee728b)
Start importing Assets/Scripts/Human.cs using Guid(950d11400661fc048929b565e917da1c) Importer(815301076,1909f56bfc062723c751e8b465ee728b)  -> (artifact id: '4831b02474dc50d14bcfb50bb2d527b2') in 0.009662 seconds 
