Using pre-set license
Built from '2021.1/staging' branch; Version is '2021.1.6f1 (c0fade0cc7e9) revision 12647134'; Using compiler version '192528614'; Build Type 'Release'
OS: 'Windows 10 Pro; OS build 19045.2486; Version 2009; 64bit' Language: 'ru' Physical Memory: 7805 MB
BatchMode: 1, IsHumanControllingUs: 0, StartBugReporterOnCrash: 0, Is64bit: 1, IsPro: 0

 COMMAND LINE ARGUMENTS:
C:\Program Files\Unity 2021.1.6f1\Editor\Unity.exe
-adb2
-batchMode
-noUpm
-name
AssetImportWorker10
-projectPath
G:/Учеба/C#/Unity задачи/Classandobject
-logFile
Logs/AssetImportWorker10.log
-srvPort
63246
Successfully changed project path to: G:/Учеба/C#/Unity задачи/Classandobject
G:/Учеба/C#/Unity задачи/Classandobject
Using Asset Import Pipeline V2.
Refreshing native plugins compatible for Editor in 564.56 ms, found 1 plugins.
Preloading 0 native plugins for Editor in 0.00 ms.
Initialize engine version: 2021.1.6f1 (c0fade0cc7e9)
[Subsystems] Discovering subsystems at path C:/Program Files/Unity 2021.1.6f1/Editor/Data/Resources/UnitySubsystems
[Subsystems] Discovering subsystems at path G:/Учеба/C#/Unity задачи/Classandobject/Assets
GfxDevice: creating device client; threaded=0; jobified=0
Direct3D:
    Version:  Direct3D 11.0 [level 11.0]
    Renderer: Intel(R) HD Graphics (ID=0x156)
    Vendor:   Intel
    VRAM:     128 MB
    Driver:   10.18.10.5161
Initialize mono
Mono path[0] = 'C:/Program Files/Unity 2021.1.6f1/Editor/Data/Managed'
Mono path[1] = 'C:/Program Files/Unity 2021.1.6f1/Editor/Data/MonoBleedingEdge/lib/mono/unityjit'
Mono config path = 'C:/Program Files/Unity 2021.1.6f1/Editor/Data/MonoBleedingEdge/etc'
Using monoOptions --debugger-agent=transport=dt_socket,embedding=1,server=y,suspend=n,address=127.0.0.1:56896
Begin MonoManager ReloadAssembly
Registering precompiled unity dll's ...
Register platform support module: C:/Program Files/Unity 2021.1.6f1/Editor/Data/PlaybackEngines/WindowsStandaloneSupport/UnityEditor.WindowsStandalone.Extensions.dll
Registered in 0.076645 seconds.
Native extension for WindowsStandalone target not found
Refreshing native plugins compatible for Editor in 532.84 ms, found 1 plugins.
Preloading 0 native plugins for Editor in 0.00 ms.
Mono: successfully reloaded assembly
- Completed reload, in  8.347 seconds
Platform modules already initialized, skipping
Registering precompiled user dll's ...
Registered in 0.023105 seconds.
Begin MonoManager ReloadAssembly
Native extension for WindowsStandalone target not found
Refreshing native plugins compatible for Editor in 0.91 ms, found 1 plugins.
Preloading 0 native plugins for Editor in 0.00 ms.
Mono: successfully reloaded assembly
- Completed reload, in  8.979 seconds
Platform modules already initialized, skipping
========================================================================
Worker process is ready to serve import requests
Launched and connected shader compiler UnityShaderCompiler.exe after 0.34 seconds
Refreshing native plugins compatible for Editor in 1.32 ms, found 1 plugins.
Preloading 0 native plugins for Editor in 0.00 ms.
Unloading 2665 Unused Serialized files (Serialized files now loaded: 0)
System memory in use before: 98.1 MB.
System memory in use after: 98.3 MB.

Unloading 15 unused Assets to reduce memory usage. Loaded Objects now: 3117.
Total: 5.188500 ms (FindLiveObjects: 0.404900 ms CreateObjectMapping: 0.353700 ms MarkObjects: 4.294900 ms  DeleteObjects: 0.132500 ms)

========================================================================
Received Import Request.
  path: Assets/Fantasy Wooden GUI  Free/normal_ui_set A/TextBTN_Big.png
  artifactKey: Guid(2be7b70e984b51444aca9c12ae4723a7) Importer(815301076,1909f56bfc062723c751e8b465ee728b)
Start importing Assets/Fantasy Wooden GUI  Free/normal_ui_set A/TextBTN_Big.png using Guid(2be7b70e984b51444aca9c12ae4723a7) Importer(815301076,1909f56bfc062723c751e8b465ee728b)  -> (artifact id: '5769011d5bf3313a25b60b54cd288120') in 0.502269 seconds 
========================================================================
Received Import Request.
  Time since last request: 0.000682 seconds.
  path: Assets/Fantasy Wooden GUI  Free/normal_ui_set A/UI board Small Set.png
  artifactKey: Guid(8eb69fafe4f719b49bb2dd1a7358aaaa) Importer(815301076,1909f56bfc062723c751e8b465ee728b)
Start importing Assets/Fantasy Wooden GUI  Free/normal_ui_set A/UI board Small Set.png using Guid(8eb69fafe4f719b49bb2dd1a7358aaaa) Importer(815301076,1909f56bfc062723c751e8b465ee728b)  -> (artifact id: '712c7a9b5bd9e192f5e63c9d382aa868') in 0.027106 seconds 
========================================================================
Received Import Request.
  Time since last request: 0.000404 seconds.
  path: Assets/Fantasy Wooden GUI  Free/normal_ui_set A/UI board Large stone.png
  artifactKey: Guid(7066e0747291df44fa5c2bf93bee3a6e) Importer(815301076,1909f56bfc062723c751e8b465ee728b)
Start importing Assets/Fantasy Wooden GUI  Free/normal_ui_set A/UI board Large stone.png using Guid(7066e0747291df44fa5c2bf93bee3a6e) Importer(815301076,1909f56bfc062723c751e8b465ee728b)  -> (artifact id: 'd1fba0872da6b64be8e591ea6bcefb69') in 0.224221 seconds 
========================================================================
Received Import Request.
  Time since last request: 0.000773 seconds.
  path: Assets/Fantasy Wooden GUI  Free/normal_ui_set A/TextBTN_Cancel_Pressed.png
  artifactKey: Guid(9494e936ef153d148aaddfa6db5fb773) Importer(815301076,1909f56bfc062723c751e8b465ee728b)
Start importing Assets/Fantasy Wooden GUI  Free/normal_ui_set A/TextBTN_Cancel_Pressed.png using Guid(9494e936ef153d148aaddfa6db5fb773) Importer(815301076,1909f56bfc062723c751e8b465ee728b)  -> (artifact id: 'fa4d1ec57e0c1d540fcd0ad04f98587e') in 0.025199 seconds 
========================================================================
Received Import Request.
  Time since last request: 0.000602 seconds.
  path: Assets/Fantasy Wooden GUI  Free/normal_ui_set A/Close Button.png
  artifactKey: Guid(11277a3f23988ec47908362d708edaa8) Importer(815301076,1909f56bfc062723c751e8b465ee728b)
Start importing Assets/Fantasy Wooden GUI  Free/normal_ui_set A/Close Button.png using Guid(11277a3f23988ec47908362d708edaa8) Importer(815301076,1909f56bfc062723c751e8b465ee728b)  -> (artifact id: 'fddebccea3b51d393e9e40b56a84973e') in 0.131057 seconds 
========================================================================
Received Import Request.
  Time since last request: 0.000563 seconds.
  path: Assets/Fantasy Wooden GUI  Free/normal_ui_set A/IRONY TITLE  empty.png
  artifactKey: Guid(4d6a99baee23b654f9e4bb672ae0b438) Importer(815301076,1909f56bfc062723c751e8b465ee728b)
Start importing Assets/Fantasy Wooden GUI  Free/normal_ui_set A/IRONY TITLE  empty.png using Guid(4d6a99baee23b654f9e4bb672ae0b438) Importer(815301076,1909f56bfc062723c751e8b465ee728b)  -> (artifact id: 'd79ecc90b6a4fa36a1907f63abc0fbb7') in 0.093716 seconds 
========================================================================
Received Import Request.
  Time since last request: 0.000649 seconds.
  path: Assets/Fantasy Wooden GUI  Free/normal_ui_set A
  artifactKey: Guid(fb0793ba43ead8c4a89d62e19ce3e04e) Importer(815301076,1909f56bfc062723c751e8b465ee728b)
Start importing Assets/Fantasy Wooden GUI  Free/normal_ui_set A using Guid(fb0793ba43ead8c4a89d62e19ce3e04e) Importer(815301076,1909f56bfc062723c751e8b465ee728b)  -> (artifact id: 'b7569aa016201c5b7250d6736c84d377') in 0.007992 seconds 
========================================================================
Received Import Request.
  Time since last request: 0.000458 seconds.
  path: Assets/Fantasy Wooden GUI  Free/normal_ui_set A/UI board Medium Set.png
  artifactKey: Guid(1a5d8785d80a4ee42a2a4c8632436dc0) Importer(815301076,1909f56bfc062723c751e8b465ee728b)
Start importing Assets/Fantasy Wooden GUI  Free/normal_ui_set A/UI board Medium Set.png using Guid(1a5d8785d80a4ee42a2a4c8632436dc0) Importer(815301076,1909f56bfc062723c751e8b465ee728b)  -> (artifact id: 'aa22fed611030714119d02a3734ffaab') in 0.190549 seconds 
========================================================================
Received Import Request.
  Time since last request: 0.000433 seconds.
  path: Assets/Fantasy Wooden GUI  Free/normal_ui_set A/1_normal_ui_set-free.png
  artifactKey: Guid(f3e42cb7317f6f14186e2c2267014de2) Importer(815301076,1909f56bfc062723c751e8b465ee728b)
Start importing Assets/Fantasy Wooden GUI  Free/normal_ui_set A/1_normal_ui_set-free.png using Guid(f3e42cb7317f6f14186e2c2267014de2) Importer(815301076,1909f56bfc062723c751e8b465ee728b)  -> (artifact id: 'e4d8af6ad7202c8c300621184d69f405') in 0.376873 seconds 
========================================================================
Received Import Request.
  Time since last request: 0.000473 seconds.
  path: Assets/Fantasy Wooden GUI  Free/normal_ui_set A/notice.png
  artifactKey: Guid(86adaa715d8969e48975ca3343ddaedd) Importer(815301076,1909f56bfc062723c751e8b465ee728b)
Start importing Assets/Fantasy Wooden GUI  Free/normal_ui_set A/notice.png using Guid(86adaa715d8969e48975ca3343ddaedd) Importer(815301076,1909f56bfc062723c751e8b465ee728b)  -> (artifact id: '38e2acb4ba945ae9ae9cf8af8a26a73e') in 0.086722 seconds 
========================================================================
Received Import Request.
  Time since last request: 0.000403 seconds.
  path: Assets/Fantasy Wooden GUI  Free/normal_ui_set A/Exclamation_Yellow.png
  artifactKey: Guid(f26fa8880b3aeef4b8516c82dc12f2a5) Importer(815301076,1909f56bfc062723c751e8b465ee728b)
Start importing Assets/Fantasy Wooden GUI  Free/normal_ui_set A/Exclamation_Yellow.png using Guid(f26fa8880b3aeef4b8516c82dc12f2a5) Importer(815301076,1909f56bfc062723c751e8b465ee728b)  -> (artifact id: '2cfa29500a978cdadcf44e82ebe01900') in 0.027813 seconds 
========================================================================
Received Import Request.
  Time since last request: 0.005101 seconds.
  path: Assets/Fantasy Wooden GUI  Free/normal_ui_set A/Exclamation_Red.png
  artifactKey: Guid(e9d4143c19529834981ac6821a04aecd) Importer(815301076,1909f56bfc062723c751e8b465ee728b)
Start importing Assets/Fantasy Wooden GUI  Free/normal_ui_set A/Exclamation_Red.png using Guid(e9d4143c19529834981ac6821a04aecd) Importer(815301076,1909f56bfc062723c751e8b465ee728b)  -> (artifact id: '4a5547b043e2d4fed194b99cd32ff9ed') in 0.086959 seconds 
========================================================================
Received Import Request.
  Time since last request: 0.000453 seconds.
  path: Assets/Fantasy Wooden GUI  Free/normal_ui_set A/TextBTN_Medium_Pressed.png
  artifactKey: Guid(047b929beb10565479851d39b452dfb6) Importer(815301076,1909f56bfc062723c751e8b465ee728b)
Start importing Assets/Fantasy Wooden GUI  Free/normal_ui_set A/TextBTN_Medium_Pressed.png using Guid(047b929beb10565479851d39b452dfb6) Importer(815301076,1909f56bfc062723c751e8b465ee728b)  -> (artifact id: '0057c8510ac8923632b94e977795ddf8') in 0.114336 seconds 
========================================================================
Received Import Request.
  Time since last request: 0.000635 seconds.
  path: Assets/Fantasy Wooden GUI  Free/normal_ui_set A/TextBTN_New-Start.png
  artifactKey: Guid(ca45d178d188e034aa96a68aceeef41b) Importer(815301076,1909f56bfc062723c751e8b465ee728b)
Start importing Assets/Fantasy Wooden GUI  Free/normal_ui_set A/TextBTN_New-Start.png using Guid(ca45d178d188e034aa96a68aceeef41b) Importer(815301076,1909f56bfc062723c751e8b465ee728b)  -> (artifact id: 'e6e80b6344b7d3198fe35fa1b7288131') in 0.035155 seconds 
========================================================================
Received Import Request.
  Time since last request: 0.000599 seconds.
  path: Assets/Fantasy Wooden GUI  Free
  artifactKey: Guid(5db9059621c0ac640bbcb59d2b862b22) Importer(815301076,1909f56bfc062723c751e8b465ee728b)
Start importing Assets/Fantasy Wooden GUI  Free using Guid(5db9059621c0ac640bbcb59d2b862b22) Importer(815301076,1909f56bfc062723c751e8b465ee728b)  -> (artifact id: '0ef1ed527656a1e974e151b044e60dd4') in 0.015961 seconds 
========================================================================
Received Import Request.
  Time since last request: 0.000602 seconds.
  path: Assets/Fantasy Wooden GUI  Free/normal_ui_set A/TextBTN_Cancel.png
  artifactKey: Guid(480144379cc9c7d47a8e19f58b0e6ee3) Importer(815301076,1909f56bfc062723c751e8b465ee728b)
Start importing Assets/Fantasy Wooden GUI  Free/normal_ui_set A/TextBTN_Cancel.png using Guid(480144379cc9c7d47a8e19f58b0e6ee3) Importer(815301076,1909f56bfc062723c751e8b465ee728b)  -> (artifact id: 'ddc27fa3baa687b1557ec09917ab928b') in 0.073722 seconds 
========================================================================
Received Import Request.
  Time since last request: 0.001125 seconds.
  path: Assets/Fantasy Wooden GUI  Free/normal_ui_set A/Exclamation_Gray.png
  artifactKey: Guid(f73f68fe6815f5548a6c2a61b9e49add) Importer(815301076,1909f56bfc062723c751e8b465ee728b)
Start importing Assets/Fantasy Wooden GUI  Free/normal_ui_set A/Exclamation_Gray.png using Guid(f73f68fe6815f5548a6c2a61b9e49add) Importer(815301076,1909f56bfc062723c751e8b465ee728b)  -> (artifact id: '628dcc152cd6fa74f311a9a0dae2219e') in 0.033115 seconds 
========================================================================
Received Import Request.
  Time since last request: 0.000462 seconds.
  path: Assets/Fantasy Wooden GUI  Free/normal_ui_set A/UI board Medium  parchment.png
  artifactKey: Guid(cf1462bc694c3c249831ad8ac5293aa2) Importer(815301076,1909f56bfc062723c751e8b465ee728b)
Start importing Assets/Fantasy Wooden GUI  Free/normal_ui_set A/UI board Medium  parchment.png using Guid(cf1462bc694c3c249831ad8ac5293aa2) Importer(815301076,1909f56bfc062723c751e8b465ee728b)  -> (artifact id: '8b21255c8188bed10e52356e58c9b6e7') in 0.241957 seconds 
========================================================================
Received Import Request.
  Time since last request: 0.000411 seconds.
  path: Assets/Fantasy Wooden GUI  Free/normal_ui_set A/UI board Small  parchment.png
  artifactKey: Guid(a454050719005b444b59a84eaafba779) Importer(815301076,1909f56bfc062723c751e8b465ee728b)
Start importing Assets/Fantasy Wooden GUI  Free/normal_ui_set A/UI board Small  parchment.png using Guid(a454050719005b444b59a84eaafba779) Importer(815301076,1909f56bfc062723c751e8b465ee728b)  -> (artifact id: '8c17a5836d1c9ae1d2dd253127826dba') in 0.023712 seconds 
========================================================================
Received Import Request.
  Time since last request: 0.000533 seconds.
  path: Assets/Fantasy Wooden GUI  Free/normal_ui_set A/TextBTN_Big_Pressed.png
  artifactKey: Guid(d6a1673a31851fd4395c287261da36e4) Importer(815301076,1909f56bfc062723c751e8b465ee728b)
Start importing Assets/Fantasy Wooden GUI  Free/normal_ui_set A/TextBTN_Big_Pressed.png using Guid(d6a1673a31851fd4395c287261da36e4) Importer(815301076,1909f56bfc062723c751e8b465ee728b)  -> (artifact id: 'b4adba8e622b6d6e520309b8bd4afe66') in 0.029842 seconds 
========================================================================
Received Import Request.
  Time since last request: 0.000409 seconds.
  path: Assets/Scripts
  artifactKey: Guid(7d1aff004661c494e8ad298e30d420de) Importer(815301076,1909f56bfc062723c751e8b465ee728b)
Start importing Assets/Scripts using Guid(7d1aff004661c494e8ad298e30d420de) Importer(815301076,1909f56bfc062723c751e8b465ee728b)  -> (artifact id: '3e0382a377452fab5ae4466454e9c90f') in 0.009518 seconds 
========================================================================
Received Import Request.
  Time since last request: 0.000562 seconds.
  path: Assets/Fantasy Wooden GUI  Free/normal_ui_set A/Division line.png
  artifactKey: Guid(b7d245916891cca47a0144e12a82e086) Importer(815301076,1909f56bfc062723c751e8b465ee728b)
Start importing Assets/Fantasy Wooden GUI  Free/normal_ui_set A/Division line.png using Guid(b7d245916891cca47a0144e12a82e086) Importer(815301076,1909f56bfc062723c751e8b465ee728b)  -> (artifact id: 'cd38301954abcfa3b63101f9c63a6068') in 0.135795 seconds 
========================================================================
Received Import Request.
  Time since last request: 0.000553 seconds.
  path: Assets/Fantasy Wooden GUI  Free/normal_ui_set A/1_normal_ui_set free.psd
  artifactKey: Guid(1ab331a196bae1046b7a75ed7e3f6b46) Importer(815301076,1909f56bfc062723c751e8b465ee728b)
Start importing Assets/Fantasy Wooden GUI  Free/normal_ui_set A/1_normal_ui_set free.psd using Guid(1ab331a196bae1046b7a75ed7e3f6b46) Importer(815301076,1909f56bfc062723c751e8b465ee728b)  -> (artifact id: '0240b9eb8b4f9de5b931525dcd6b2583') in 0.399997 seconds 
========================================================================
Received Import Request.
  Time since last request: 0.000479 seconds.
  path: Assets/Fantasy Wooden GUI  Free/normal_ui_set A/UI board Large  parchment.png
  artifactKey: Guid(43a7d98bd4222b64e933596512dc09ad) Importer(815301076,1909f56bfc062723c751e8b465ee728b)
Start importing Assets/Fantasy Wooden GUI  Free/normal_ui_set A/UI board Large  parchment.png using Guid(43a7d98bd4222b64e933596512dc09ad) Importer(815301076,1909f56bfc062723c751e8b465ee728b)  -> (artifact id: '8220f110edc5ed943b1fd05b603ead64') in 0.172830 seconds 
========================================================================
Received Import Request.
  Time since last request: 0.000660 seconds.
  path: Assets/Fantasy Wooden GUI  Free/normal_ui_set A/UI board Medium stone.png
  artifactKey: Guid(9a6560e5bacb40847bb1b879ede354fb) Importer(815301076,1909f56bfc062723c751e8b465ee728b)
Start importing Assets/Fantasy Wooden GUI  Free/normal_ui_set A/UI board Medium stone.png using Guid(9a6560e5bacb40847bb1b879ede354fb) Importer(815301076,1909f56bfc062723c751e8b465ee728b)  -> (artifact id: 'b5a61a6db0a21d99f10a78b2cb299df5') in 0.208915 seconds 
========================================================================
Received Import Request.
  Time since last request: 0.000486 seconds.
  path: Assets/Fantasy Wooden GUI  Free/normal_ui_set A/IRONY TITLE  Large.png
  artifactKey: Guid(054411784c3fdf74d9db120b4a792a71) Importer(815301076,1909f56bfc062723c751e8b465ee728b)
Start importing Assets/Fantasy Wooden GUI  Free/normal_ui_set A/IRONY TITLE  Large.png using Guid(054411784c3fdf74d9db120b4a792a71) Importer(815301076,1909f56bfc062723c751e8b465ee728b)  -> (artifact id: '703da684d0a136efe0eab3ab108589df') in 0.029915 seconds 
========================================================================
Received Import Request.
  Time since last request: 0.000387 seconds.
  path: Assets/Fantasy Wooden GUI  Free/normal_ui_set A/TextBTN_New-Start_Pressed.png
  artifactKey: Guid(2e5f47e2f71128f4282c0a4a67288751) Importer(815301076,1909f56bfc062723c751e8b465ee728b)
Start importing Assets/Fantasy Wooden GUI  Free/normal_ui_set A/TextBTN_New-Start_Pressed.png using Guid(2e5f47e2f71128f4282c0a4a67288751) Importer(815301076,1909f56bfc062723c751e8b465ee728b)  -> (artifact id: '4b9f78ec3521d285aab5fe26aba2d624') in 0.100304 seconds 
========================================================================
Received Import Request.
  Time since last request: 0.000435 seconds.
  path: Assets/Fantasy Wooden GUI  Free/normal_ui_set A/UI board Large Set.png
  artifactKey: Guid(90a2dde0942123c4ebb9c4af580c5818) Importer(815301076,1909f56bfc062723c751e8b465ee728b)
Start importing Assets/Fantasy Wooden GUI  Free/normal_ui_set A/UI board Large Set.png using Guid(90a2dde0942123c4ebb9c4af580c5818) Importer(815301076,1909f56bfc062723c751e8b465ee728b)  -> (artifact id: '23417d6d8d6d02e710615d31c20db5ae') in 0.161257 seconds 
========================================================================
Received Import Request.
  Time since last request: 0.000500 seconds.
  path: Assets/Fantasy Wooden GUI  Free/normal_ui_set A/TextBTN_Medium.png
  artifactKey: Guid(efee20b64d1e73942a29ba61ce3379c3) Importer(815301076,1909f56bfc062723c751e8b465ee728b)
Start importing Assets/Fantasy Wooden GUI  Free/normal_ui_set A/TextBTN_Medium.png using Guid(efee20b64d1e73942a29ba61ce3379c3) Importer(815301076,1909f56bfc062723c751e8b465ee728b)  -> (artifact id: '014075794208436a1cd784f474b46044') in 0.056844 seconds 
========================================================================
Received Import Request.
  Time since last request: 0.041506 seconds.
  path: Assets/Fantasy Wooden GUI  Free/normal_ui_set A/UI board Small  stone.png
  artifactKey: Guid(8dd861a6e819de241bca68a36048a6bd) Importer(815301076,1909f56bfc062723c751e8b465ee728b)
Start importing Assets/Fantasy Wooden GUI  Free/normal_ui_set A/UI board Small  stone.png using Guid(8dd861a6e819de241bca68a36048a6bd) Importer(815301076,1909f56bfc062723c751e8b465ee728b)  -> (artifact id: 'b7b6ebd3b4a6b8656e1e811a0fa51e41') in 0.142658 seconds 
========================================================================
Received Import Request.
  Time since last request: 12715.110476 seconds.
  path: Assets/Scenes
  artifactKey: Guid(15f0f43f7ba51ba4b8493519736eb3a0) Importer(815301076,1909f56bfc062723c751e8b465ee728b)
Start importing Assets/Scenes using Guid(15f0f43f7ba51ba4b8493519736eb3a0) Importer(815301076,1909f56bfc062723c751e8b465ee728b)  -> (artifact id: '8bbfce48a553f7c033225b6376714aeb') in 0.049368 seconds 
========================================================================
Received Import Request.
  Time since last request: 5.527348 seconds.
  path: Assets/Fantasy Wooden GUI  Free/Scene
  artifactKey: Guid(1d4ddc8cb3190b749bc2878cae95700e) Importer(815301076,1909f56bfc062723c751e8b465ee728b)
Start importing Assets/Fantasy Wooden GUI  Free/Scene using Guid(1d4ddc8cb3190b749bc2878cae95700e) Importer(815301076,1909f56bfc062723c751e8b465ee728b)  -> (artifact id: 'f820650b6151a838eab2ed83bed77cd0') in 0.011984 seconds 
========================================================================
Received Import Request.
  Time since last request: 665.977724 seconds.
  path: Assets
  artifactKey: Guid(00000000000000001000000000000000) Importer(815301076,1909f56bfc062723c751e8b465ee728b)
Start importing Assets using Guid(00000000000000001000000000000000) Importer(815301076,1909f56bfc062723c751e8b465ee728b)  -> (artifact id: '42d402b061de3733987d63b9cc3b64de') in 0.023466 seconds 
========================================================================
Received Import Request.
  Time since last request: 2.791392 seconds.
  path: Assets/NewBehaviourScript.cs
  artifactKey: Guid(f9c685c4044d00942b72f9980c210965) Importer(815301076,1909f56bfc062723c751e8b465ee728b)
Start importing Assets/NewBehaviourScript.cs using Guid(f9c685c4044d00942b72f9980c210965) Importer(815301076,1909f56bfc062723c751e8b465ee728b)  -> (artifact id: '52563402515de722c089cc5abf034f86') in 0.068482 seconds 
========================================================================
Received Prepare
Registering precompiled user dll's ...
Registered in 0.118305 seconds.
Begin MonoManager ReloadAssembly
Native extension for WindowsStandalone target not found
Refreshing native plugins compatible for Editor in 4.22 ms, found 1 plugins.
Preloading 0 native plugins for Editor in 0.00 ms.
Mono: successfully reloaded assembly
- Completed reload, in 22.374 seconds
Platform modules already initialized, skipping
Refreshing native plugins compatible for Editor in 2.23 ms, found 1 plugins.
Preloading 0 native plugins for Editor in 0.00 ms.
Unloading 2688 Unused Serialized files (Serialized files now loaded: 0)
System memory in use before: 140.7 MB.
System memory in use after: 140.9 MB.

Unloading 10 unused Assets to reduce memory usage. Loaded Objects now: 3560.
Total: 38.303300 ms (FindLiveObjects: 1.633700 ms CreateObjectMapping: 0.416500 ms MarkObjects: 36.011400 ms  DeleteObjects: 0.238000 ms)

========================================================================
Received Prepare
Registering precompiled user dll's ...
Registered in 0.270645 seconds.
Begin MonoManager ReloadAssembly
Native extension for WindowsStandalone target not found
Refreshing native plugins compatible for Editor in 13.24 ms, found 1 plugins.
Preloading 0 native plugins for Editor in 0.00 ms.
Mono: successfully reloaded assembly
- Completed reload, in 88.334 seconds
Platform modules already initialized, skipping
Refreshing native plugins compatible for Editor in 0.82 ms, found 1 plugins.
Preloading 0 native plugins for Editor in 0.00 ms.
Unloading 2661 Unused Serialized files (Serialized files now loaded: 0)
System memory in use before: 139.6 MB.
System memory in use after: 139.8 MB.

Unloading 10 unused Assets to reduce memory usage. Loaded Objects now: 3563.
Total: 37.975500 ms (FindLiveObjects: 15.760800 ms CreateObjectMapping: 0.625500 ms MarkObjects: 19.045200 ms  DeleteObjects: 2.540900 ms)

========================================================================
Received Import Request.
  Time since last request: 378.833268 seconds.
  path: Assets/Scripts/Close.cs
  artifactKey: Guid(f9c685c4044d00942b72f9980c210965) Importer(815301076,1909f56bfc062723c751e8b465ee728b)
Start importing Assets/Scripts/Close.cs using Guid(f9c685c4044d00942b72f9980c210965) Importer(815301076,1909f56bfc062723c751e8b465ee728b)  -> (artifact id: '29ef60c09561b9a1965ef756d1212ec6') in 0.034060 seconds 
========================================================================
Received Import Request.
  Time since last request: 612.983901 seconds.
  path: Assets/Add.cs
  artifactKey: Guid(2cac29c19d75de3489237c5cd7be1185) Importer(815301076,1909f56bfc062723c751e8b465ee728b)
Start importing Assets/Add.cs using Guid(2cac29c19d75de3489237c5cd7be1185) Importer(815301076,1909f56bfc062723c751e8b465ee728b)  -> (artifact id: '8c8d936fdce691d1510181d29b73e2cc') in 0.022750 seconds 
========================================================================
Received Prepare
Registering precompiled user dll's ...
Registered in 0.024034 seconds.
Begin MonoManager ReloadAssembly
Native extension for WindowsStandalone target not found
Refreshing native plugins compatible for Editor in 0.81 ms, found 1 plugins.
Preloading 0 native plugins for Editor in 0.00 ms.
Mono: successfully reloaded assembly
- Completed reload, in  5.553 seconds
Platform modules already initialized, skipping
Script is not up to date after domain reload: guid(b0c975a9972793e4fab59000df0e4d0b) path("Assets/Add.cs") state(2)
Refreshing native plugins compatible for Editor in 1.13 ms, found 1 plugins.
Preloading 0 native plugins for Editor in 0.00 ms.
Unloading 2661 Unused Serialized files (Serialized files now loaded: 0)
System memory in use before: 139.7 MB.
System memory in use after: 139.9 MB.

Unloading 10 unused Assets to reduce memory usage. Loaded Objects now: 3566.
Total: 12.514900 ms (FindLiveObjects: 1.179500 ms CreateObjectMapping: 0.421300 ms MarkObjects: 10.807300 ms  DeleteObjects: 0.097100 ms)

========================================================================
Received Import Request.
  Time since last request: 95.735864 seconds.
  path: Assets/Scripts/Add.cs
  artifactKey: Guid(b0c975a9972793e4fab59000df0e4d0b) Importer(815301076,1909f56bfc062723c751e8b465ee728b)
Start importing Assets/Scripts/Add.cs using Guid(b0c975a9972793e4fab59000df0e4d0b) Importer(815301076,1909f56bfc062723c751e8b465ee728b)  -> (artifact id: 'c180dcab7e62c0de6860505ffcd3fecb') in 0.067458 seconds 
========================================================================
Received Import Request.
  Time since last request: 7.641412 seconds.
  path: Assets/NewBehaviourScript.cs
  artifactKey: Guid(155040303e14e5443b471daed3dd8bf2) Importer(815301076,1909f56bfc062723c751e8b465ee728b)
Start importing Assets/NewBehaviourScript.cs using Guid(155040303e14e5443b471daed3dd8bf2) Importer(815301076,1909f56bfc062723c751e8b465ee728b)  -> (artifact id: 'a40b62304ee2d1a651db1e3434810cfb') in 0.023338 seconds 
========================================================================
Received Import Request.
  Time since last request: 111.640496 seconds.
  path: Assets/GameObject.cs
  artifactKey: Guid(e5c5e83e2a7600643a5a0eaf17c59a48) Importer(815301076,1909f56bfc062723c751e8b465ee728b)
Start importing Assets/GameObject.cs using Guid(e5c5e83e2a7600643a5a0eaf17c59a48) Importer(815301076,1909f56bfc062723c751e8b465ee728b)  -> (artifact id: '93c89fd316ce37ba6a3955dbd9a9d99a') in 0.034381 seconds 
========================================================================
Received Prepare
Registering precompiled user dll's ...
Registered in 0.304869 seconds.
Begin MonoManager ReloadAssembly
Native extension for WindowsStandalone target not found
Refreshing native plugins compatible for Editor in 1.46 ms, found 1 plugins.
Preloading 0 native plugins for Editor in 0.00 ms.
Mono: successfully reloaded assembly
- Completed reload, in  3.248 seconds
Platform modules already initialized, skipping
Refreshing native plugins compatible for Editor in 1.50 ms, found 1 plugins.
Preloading 0 native plugins for Editor in 0.00 ms.
Unloading 2661 Unused Serialized files (Serialized files now loaded: 0)
System memory in use before: 139.7 MB.
System memory in use after: 139.9 MB.

Unloading 11 unused Assets to reduce memory usage. Loaded Objects now: 3569.
Total: 6.396100 ms (FindLiveObjects: 0.363000 ms CreateObjectMapping: 0.258600 ms MarkObjects: 5.682800 ms  DeleteObjects: 0.089300 ms)

========================================================================
Received Prepare
Registering precompiled user dll's ...
Registered in 0.007635 seconds.
Begin MonoManager ReloadAssembly
Native extension for WindowsStandalone target not found
Refreshing native plugins compatible for Editor in 0.78 ms, found 1 plugins.
Preloading 0 native plugins for Editor in 0.00 ms.
Mono: successfully reloaded assembly
- Completed reload, in  8.594 seconds
Platform modules already initialized, skipping
Refreshing native plugins compatible for Editor in 0.76 ms, found 1 plugins.
Preloading 0 native plugins for Editor in 0.00 ms.
Unloading 2662 Unused Serialized files (Serialized files now loaded: 0)
System memory in use before: 139.8 MB.
System memory in use after: 140.0 MB.

Unloading 10 unused Assets to reduce memory usage. Loaded Objects now: 3573.
Total: 5.738800 ms (FindLiveObjects: 0.455400 ms CreateObjectMapping: 0.280000 ms MarkObjects: 4.918600 ms  DeleteObjects: 0.081500 ms)

========================================================================
Received Import Request.
  Time since last request: 2961.780988 seconds.
  path: Assets/Scripts/Close.cs
  artifactKey: Guid(ad8d3a09067bc7e42afe79b3682ca2de) Importer(815301076,1909f56bfc062723c751e8b465ee728b)
Start importing Assets/Scripts/Close.cs using Guid(ad8d3a09067bc7e42afe79b3682ca2de) Importer(815301076,1909f56bfc062723c751e8b465ee728b)  -> (artifact id: '61042434164a07afcf74aa63b3100297') in 0.048237 seconds 
========================================================================
Received Prepare
Registering precompiled user dll's ...
Registered in 0.013055 seconds.
Begin MonoManager ReloadAssembly
Native extension for WindowsStandalone target not found
Refreshing native plugins compatible for Editor in 0.86 ms, found 1 plugins.
Preloading 0 native plugins for Editor in 0.00 ms.
Mono: successfully reloaded assembly
- Completed reload, in  8.281 seconds
Platform modules already initialized, skipping
Script is not up to date after domain reload: guid(449ed76f8a15c3644a8cb798d848ebc2) path("Assets/Add.cs") state(2)
Refreshing native plugins compatible for Editor in 1.73 ms, found 1 plugins.
Preloading 0 native plugins for Editor in 0.00 ms.
Unloading 2662 Unused Serialized files (Serialized files now loaded: 0)
System memory in use before: 139.8 MB.
System memory in use after: 140.0 MB.

Unloading 10 unused Assets to reduce memory usage. Loaded Objects now: 3576.
Total: 14.049300 ms (FindLiveObjects: 0.383800 ms CreateObjectMapping: 0.261700 ms MarkObjects: 13.082100 ms  DeleteObjects: 0.318100 ms)

========================================================================
Received Import Request.
  Time since last request: 23.581801 seconds.
  path: Assets/Scripts/Add.cs
  artifactKey: Guid(449ed76f8a15c3644a8cb798d848ebc2) Importer(815301076,1909f56bfc062723c751e8b465ee728b)
Start importing Assets/Scripts/Add.cs using Guid(449ed76f8a15c3644a8cb798d848ebc2) Importer(815301076,1909f56bfc062723c751e8b465ee728b)  -> (artifact id: '173e219c8e1ecb553cafa37fdd6bc249') in 0.126928 seconds 
========================================================================
Received Prepare
Registering precompiled user dll's ...
Registered in 0.042383 seconds.
Begin MonoManager ReloadAssembly
Native extension for WindowsStandalone target not found
Refreshing native plugins compatible for Editor in 1.30 ms, found 1 plugins.
Preloading 0 native plugins for Editor in 0.00 ms.
Mono: successfully reloaded assembly
- Completed reload, in  6.555 seconds
Platform modules already initialized, skipping
Refreshing native plugins compatible for Editor in 0.82 ms, found 1 plugins.
Preloading 0 native plugins for Editor in 0.00 ms.
Unloading 2663 Unused Serialized files (Serialized files now loaded: 0)
System memory in use before: 139.8 MB.
System memory in use after: 140.0 MB.

Unloading 10 unused Assets to reduce memory usage. Loaded Objects now: 3580.
Total: 12.859100 ms (FindLiveObjects: 0.464800 ms CreateObjectMapping: 0.554100 ms MarkObjects: 11.643300 ms  DeleteObjects: 0.193700 ms)

========================================================================
Received Prepare
Registering precompiled user dll's ...
Registered in 0.010121 seconds.
Begin MonoManager ReloadAssembly
Native extension for WindowsStandalone target not found
Refreshing native plugins compatible for Editor in 1.31 ms, found 1 plugins.
Preloading 0 native plugins for Editor in 0.00 ms.
Mono: successfully reloaded assembly
- Completed reload, in  5.417 seconds
Platform modules already initialized, skipping
Refreshing native plugins compatible for Editor in 1.62 ms, found 1 plugins.
Preloading 0 native plugins for Editor in 0.00 ms.
Unloading 2664 Unused Serialized files (Serialized files now loaded: 0)
System memory in use before: 139.9 MB.
System memory in use after: 140.1 MB.

Unloading 10 unused Assets to reduce memory usage. Loaded Objects now: 3584.
Total: 12.274900 ms (FindLiveObjects: 0.516400 ms CreateObjectMapping: 0.349800 ms MarkObjects: 11.311800 ms  DeleteObjects: 0.094300 ms)

========================================================================
Received Prepare
Registering precompiled user dll's ...
Registered in 0.016731 seconds.
Begin MonoManager ReloadAssembly
Native extension for WindowsStandalone target not found
Refreshing native plugins compatible for Editor in 1.19 ms, found 1 plugins.
Preloading 0 native plugins for Editor in 0.00 ms.
Mono: successfully reloaded assembly
- Completed reload, in  5.375 seconds
Platform modules already initialized, skipping
Refreshing native plugins compatible for Editor in 0.82 ms, found 1 plugins.
Preloading 0 native plugins for Editor in 0.00 ms.
Unloading 2665 Unused Serialized files (Serialized files now loaded: 0)
System memory in use before: 139.9 MB.
System memory in use after: 140.1 MB.

Unloading 10 unused Assets to reduce memory usage. Loaded Objects now: 3588.
Total: 9.786200 ms (FindLiveObjects: 0.489200 ms CreateObjectMapping: 0.747900 ms MarkObjects: 8.441800 ms  DeleteObjects: 0.102900 ms)

========================================================================
Received Import Request.
  Time since last request: 88.327040 seconds.
  path: Assets/Scripts/Edit.cs
  artifactKey: Guid(52b20fcff74cff946a9411b80523978c) Importer(815301076,1909f56bfc062723c751e8b465ee728b)
Start importing Assets/Scripts/Edit.cs using Guid(52b20fcff74cff946a9411b80523978c) Importer(815301076,1909f56bfc062723c751e8b465ee728b)  -> (artifact id: '1cc2c6ec8ce34e3e1a1a737114975167') in 0.194154 seconds 
========================================================================
Received Prepare
Registering precompiled user dll's ...
Registered in 0.007083 seconds.
Begin MonoManager ReloadAssembly
Native extension for WindowsStandalone target not found
Refreshing native plugins compatible for Editor in 0.77 ms, found 1 plugins.
Preloading 0 native plugins for Editor in 0.00 ms.
Mono: successfully reloaded assembly
- Completed reload, in  7.451 seconds
Platform modules already initialized, skipping
Refreshing native plugins compatible for Editor in 10.32 ms, found 1 plugins.
Preloading 0 native plugins for Editor in 0.00 ms.
Unloading 2663 Unused Serialized files (Serialized files now loaded: 0)
System memory in use before: 139.8 MB.
System memory in use after: 140.1 MB.

Unloading 11 unused Assets to reduce memory usage. Loaded Objects now: 3589.
Total: 5.195200 ms (FindLiveObjects: 0.666800 ms CreateObjectMapping: 0.792100 ms MarkObjects: 3.652300 ms  DeleteObjects: 0.081200 ms)

========================================================================
Received Prepare
Registering precompiled user dll's ...
Registered in 0.005921 seconds.
Begin MonoManager ReloadAssembly
Native extension for WindowsStandalone target not found
Refreshing native plugins compatible for Editor in 1.30 ms, found 1 plugins.
Preloading 0 native plugins for Editor in 0.00 ms.
Mono: successfully reloaded assembly
- Completed reload, in  7.342 seconds
Platform modules already initialized, skipping
Refreshing native plugins compatible for Editor in 0.90 ms, found 1 plugins.
Preloading 0 native plugins for Editor in 0.00 ms.
Unloading 2662 Unused Serialized files (Serialized files now loaded: 0)
System memory in use before: 139.8 MB.
System memory in use after: 140.0 MB.

Unloading 10 unused Assets to reduce memory usage. Loaded Objects now: 3591.
Total: 655.647700 ms (FindLiveObjects: 0.524500 ms CreateObjectMapping: 0.277600 ms MarkObjects: 654.763800 ms  DeleteObjects: 0.079000 ms)

========================================================================
Received Prepare
Registering precompiled user dll's ...
Registered in 0.023174 seconds.
Begin MonoManager ReloadAssembly
Native extension for WindowsStandalone target not found
Refreshing native plugins compatible for Editor in 0.78 ms, found 1 plugins.
Preloading 0 native plugins for Editor in 0.00 ms.
Mono: successfully reloaded assembly
- Completed reload, in  3.680 seconds
Platform modules already initialized, skipping
Refreshing native plugins compatible for Editor in 1.21 ms, found 1 plugins.
Preloading 0 native plugins for Editor in 0.00 ms.
Unloading 2662 Unused Serialized files (Serialized files now loaded: 0)
System memory in use before: 139.8 MB.
System memory in use after: 140.0 MB.

Unloading 10 unused Assets to reduce memory usage. Loaded Objects now: 3594.
Total: 8.857700 ms (FindLiveObjects: 0.383400 ms CreateObjectMapping: 0.237700 ms MarkObjects: 8.148800 ms  DeleteObjects: 0.084900 ms)

========================================================================
Received Prepare
Registering precompiled user dll's ...
Registered in 0.015689 seconds.
Begin MonoManager ReloadAssembly
Native extension for WindowsStandalone target not found
Refreshing native plugins compatible for Editor in 0.93 ms, found 1 plugins.
Preloading 0 native plugins for Editor in 0.00 ms.
Mono: successfully reloaded assembly
- Completed reload, in  4.394 seconds
Platform modules already initialized, skipping
Refreshing native plugins compatible for Editor in 1.18 ms, found 1 plugins.
Preloading 0 native plugins for Editor in 0.00 ms.
Unloading 2663 Unused Serialized files (Serialized files now loaded: 0)
System memory in use before: 140.0 MB.
System memory in use after: 140.2 MB.

Unloading 10 unused Assets to reduce memory usage. Loaded Objects now: 3598.
Total: 4.671800 ms (FindLiveObjects: 0.502500 ms CreateObjectMapping: 0.342000 ms MarkObjects: 3.675100 ms  DeleteObjects: 0.149200 ms)

========================================================================
Received Prepare
Registering precompiled user dll's ...
Registered in 0.014136 seconds.
Begin MonoManager ReloadAssembly
Native extension for WindowsStandalone target not found
Refreshing native plugins compatible for Editor in 0.79 ms, found 1 plugins.
Preloading 0 native plugins for Editor in 0.00 ms.
Mono: successfully reloaded assembly
- Completed reload, in  3.725 seconds
Platform modules already initialized, skipping
Refreshing native plugins compatible for Editor in 0.79 ms, found 1 plugins.
Preloading 0 native plugins for Editor in 0.00 ms.
Unloading 2664 Unused Serialized files (Serialized files now loaded: 0)
System memory in use before: 140.0 MB.
System memory in use after: 140.2 MB.

Unloading 10 unused Assets to reduce memory usage. Loaded Objects now: 3602.
Total: 6.119700 ms (FindLiveObjects: 0.485900 ms CreateObjectMapping: 0.318900 ms MarkObjects: 5.237400 ms  DeleteObjects: 0.074500 ms)

========================================================================
Received Prepare
Registering precompiled user dll's ...
Registered in 0.182652 seconds.
Begin MonoManager ReloadAssembly
Native extension for WindowsStandalone target not found
Refreshing native plugins compatible for Editor in 1.17 ms, found 1 plugins.
Preloading 0 native plugins for Editor in 0.00 ms.
Mono: successfully reloaded assembly
- Completed reload, in 15.684 seconds
Platform modules already initialized, skipping
Script is not up to date after domain reload: guid(f4a1bddd8586bca4e98f87b8f8a02f63) path("Assets/Scripts/Employee.cs") state(2)
Refreshing native plugins compatible for Editor in 1.17 ms, found 1 plugins.
Preloading 0 native plugins for Editor in 0.00 ms.
Unloading 2665 Unused Serialized files (Serialized files now loaded: 0)
System memory in use before: 140.1 MB.
System memory in use after: 140.3 MB.

Unloading 10 unused Assets to reduce memory usage. Loaded Objects now: 3606.
Total: 38.047900 ms (FindLiveObjects: 0.916700 ms CreateObjectMapping: 0.434300 ms MarkObjects: 36.608700 ms  DeleteObjects: 0.085000 ms)

========================================================================
Received Prepare
Registering precompiled user dll's ...
Registered in 0.199466 seconds.
Begin MonoManager ReloadAssembly
Native extension for WindowsStandalone target not found
Refreshing native plugins compatible for Editor in 18.90 ms, found 1 plugins.
Preloading 0 native plugins for Editor in 0.00 ms.
Mono: successfully reloaded assembly
- Completed reload, in 20.510 seconds
Platform modules already initialized, skipping
Refreshing native plugins compatible for Editor in 0.83 ms, found 1 plugins.
Preloading 0 native plugins for Editor in 0.00 ms.
Unloading 2667 Unused Serialized files (Serialized files now loaded: 0)
System memory in use before: 140.1 MB.
System memory in use after: 140.3 MB.

Unloading 10 unused Assets to reduce memory usage. Loaded Objects now: 3611.
Total: 6.901500 ms (FindLiveObjects: 0.484000 ms CreateObjectMapping: 2.870500 ms MarkObjects: 3.459000 ms  DeleteObjects: 0.084300 ms)

========================================================================
Received Prepare
Registering precompiled user dll's ...
Registered in 0.005521 seconds.
Begin MonoManager ReloadAssembly
Native extension for WindowsStandalone target not found
Refreshing native plugins compatible for Editor in 1.59 ms, found 1 plugins.
Preloading 0 native plugins for Editor in 0.00 ms.
Mono: successfully reloaded assembly
- Completed reload, in 43.423 seconds
Platform modules already initialized, skipping
Refreshing native plugins compatible for Editor in 1.17 ms, found 1 plugins.
Preloading 0 native plugins for Editor in 0.00 ms.
Unloading 2667 Unused Serialized files (Serialized files now loaded: 0)
System memory in use before: 140.1 MB.
System memory in use after: 140.3 MB.

Unloading 10 unused Assets to reduce memory usage. Loaded Objects now: 3614.
Total: 126.277600 ms (FindLiveObjects: 39.784300 ms CreateObjectMapping: 2.137800 ms MarkObjects: 84.226200 ms  DeleteObjects: 0.125900 ms)

========================================================================
Received Prepare
Registering precompiled user dll's ...
Registered in 0.009371 seconds.
Begin MonoManager ReloadAssembly
Native extension for WindowsStandalone target not found
Refreshing native plugins compatible for Editor in 0.88 ms, found 1 plugins.
Preloading 0 native plugins for Editor in 0.00 ms.
Mono: successfully reloaded assembly
- Completed reload, in  6.156 seconds
Platform modules already initialized, skipping
Refreshing native plugins compatible for Editor in 14.78 ms, found 1 plugins.
Preloading 0 native plugins for Editor in 0.00 ms.
Unloading 2667 Unused Serialized files (Serialized files now loaded: 0)
System memory in use before: 140.1 MB.
System memory in use after: 140.3 MB.

Unloading 10 unused Assets to reduce memory usage. Loaded Objects now: 3617.
Total: 5.633700 ms (FindLiveObjects: 0.981900 ms CreateObjectMapping: 0.617800 ms MarkObjects: 3.934000 ms  DeleteObjects: 0.094600 ms)

========================================================================
Received Import Request.
  Time since last request: 4040.357336 seconds.
  path: Assets/Scripts/Student.cs
  artifactKey: Guid(b74258d6549d54145882ec0914117f47) Importer(815301076,1909f56bfc062723c751e8b465ee728b)
Start importing Assets/Scripts/Student.cs using Guid(b74258d6549d54145882ec0914117f47) Importer(815301076,1909f56bfc062723c751e8b465ee728b)  -> (artifact id: 'c02f093b556cdf1233140a45e137d24f') in 0.038903 seconds 
========================================================================
Received Prepare
Registering precompiled user dll's ...
Registered in 0.020705 seconds.
Begin MonoManager ReloadAssembly
Native extension for WindowsStandalone target not found
Refreshing native plugins compatible for Editor in 0.82 ms, found 1 plugins.
Preloading 0 native plugins for Editor in 0.00 ms.
Mono: successfully reloaded assembly
- Completed reload, in  5.749 seconds
Platform modules already initialized, skipping
Refreshing native plugins compatible for Editor in 1.77 ms, found 1 plugins.
Preloading 0 native plugins for Editor in 0.00 ms.
Unloading 2666 Unused Serialized files (Serialized files now loaded: 0)
System memory in use before: 140.1 MB.
System memory in use after: 140.3 MB.

Unloading 11 unused Assets to reduce memory usage. Loaded Objects now: 3619.
Total: 16.714800 ms (FindLiveObjects: 0.545600 ms CreateObjectMapping: 0.346800 ms MarkObjects: 15.707700 ms  DeleteObjects: 0.111100 ms)

========================================================================
Received Prepare
Registering precompiled user dll's ...
Registered in 0.007764 seconds.
Begin MonoManager ReloadAssembly
Native extension for WindowsStandalone target not found
Refreshing native plugins compatible for Editor in 1.19 ms, found 1 plugins.
Preloading 0 native plugins for Editor in 0.00 ms.
Mono: successfully reloaded assembly
- Completed reload, in  4.610 seconds
Platform modules already initialized, skipping
Refreshing native plugins compatible for Editor in 0.78 ms, found 1 plugins.
Preloading 0 native plugins for Editor in 0.00 ms.
Unloading 2666 Unused Serialized files (Serialized files now loaded: 0)
System memory in use before: 140.1 MB.
System memory in use after: 140.3 MB.

Unloading 10 unused Assets to reduce memory usage. Loaded Objects now: 3622.
Total: 20.031000 ms (FindLiveObjects: 0.478800 ms CreateObjectMapping: 0.575800 ms MarkObjects: 18.885800 ms  DeleteObjects: 0.087600 ms)

========================================================================
Received Prepare
Registering precompiled user dll's ...
Registered in 0.029720 seconds.
Begin MonoManager ReloadAssembly
Native extension for WindowsStandalone target not found
Refreshing native plugins compatible for Editor in 0.89 ms, found 1 plugins.
Preloading 0 native plugins for Editor in 0.00 ms.
Mono: successfully reloaded assembly
- Completed reload, in  6.091 seconds
Platform modules already initialized, skipping
Refreshing native plugins compatible for Editor in 1.30 ms, found 1 plugins.
Preloading 0 native plugins for Editor in 0.00 ms.
Unloading 2667 Unused Serialized files (Serialized files now loaded: 0)
System memory in use before: 140.1 MB.
System memory in use after: 140.4 MB.

Unloading 10 unused Assets to reduce memory usage. Loaded Objects now: 3626.
Total: 12.077400 ms (FindLiveObjects: 0.775300 ms CreateObjectMapping: 0.443400 ms MarkObjects: 9.888700 ms  DeleteObjects: 0.964200 ms)

========================================================================
Received Import Request.
  Time since last request: 79.302551 seconds.
  path: Assets/Scripts/Employee.cs
  artifactKey: Guid(f4a1bddd8586bca4e98f87b8f8a02f63) Importer(815301076,1909f56bfc062723c751e8b465ee728b)
Start importing Assets/Scripts/Employee.cs using Guid(f4a1bddd8586bca4e98f87b8f8a02f63) Importer(815301076,1909f56bfc062723c751e8b465ee728b)  -> (artifact id: 'bffb0b3be3682cfdce24f7cbb3eb5f8c') in 0.018294 seconds 
========================================================================
Received Prepare
Registering precompiled user dll's ...
Registered in 0.006123 seconds.
Begin MonoManager ReloadAssembly
Native extension for WindowsStandalone target not found
Refreshing native plugins compatible for Editor in 1.30 ms, found 1 plugins.
Preloading 0 native plugins for Editor in 0.00 ms.
Mono: successfully reloaded assembly
- Completed reload, in  4.237 seconds
Platform modules already initialized, skipping
Refreshing native plugins compatible for Editor in 0.78 ms, found 1 plugins.
Preloading 0 native plugins for Editor in 0.00 ms.
Unloading 2666 Unused Serialized files (Serialized files now loaded: 0)
System memory in use before: 140.1 MB.
System memory in use after: 140.3 MB.

Unloading 11 unused Assets to reduce memory usage. Loaded Objects now: 3628.
Total: 16.789300 ms (FindLiveObjects: 0.970900 ms CreateObjectMapping: 0.341700 ms MarkObjects: 15.329200 ms  DeleteObjects: 0.144500 ms)

========================================================================
Received Prepare
Registering precompiled user dll's ...
Registered in 0.014275 seconds.
Begin MonoManager ReloadAssembly
Native extension for WindowsStandalone target not found
Refreshing native plugins compatible for Editor in 0.97 ms, found 1 plugins.
Preloading 0 native plugins for Editor in 0.00 ms.
Mono: successfully reloaded assembly
- Completed reload, in  6.137 seconds
Platform modules already initialized, skipping
Refreshing native plugins compatible for Editor in 0.96 ms, found 1 plugins.
Preloading 0 native plugins for Editor in 0.00 ms.
Unloading 2667 Unused Serialized files (Serialized files now loaded: 0)
System memory in use before: 140.2 MB.
System memory in use after: 140.4 MB.

Unloading 10 unused Assets to reduce memory usage. Loaded Objects now: 3632.
Total: 6.152500 ms (FindLiveObjects: 0.508500 ms CreateObjectMapping: 0.698100 ms MarkObjects: 4.861500 ms  DeleteObjects: 0.080400 ms)

========================================================================
Received Import Request.
  Time since last request: 61.764262 seconds.
  path: Assets/Scripts/Driver.cs
  artifactKey: Guid(a1b6c6bba16acd941b010c7c319d23e0) Importer(815301076,1909f56bfc062723c751e8b465ee728b)
Start importing Assets/Scripts/Driver.cs using Guid(a1b6c6bba16acd941b010c7c319d23e0) Importer(815301076,1909f56bfc062723c751e8b465ee728b)  -> (artifact id: '29d52091dbae2260bc63c94a868080f5') in 0.056820 seconds 
========================================================================
Received Prepare
Registering precompiled user dll's ...
Registered in 0.012810 seconds.
Begin MonoManager ReloadAssembly
Native extension for WindowsStandalone target not found
Refreshing native plugins compatible for Editor in 0.78 ms, found 1 plugins.
Preloading 0 native plugins for Editor in 0.00 ms.
Mono: successfully reloaded assembly
- Completed reload, in  4.665 seconds
Platform modules already initialized, skipping
Refreshing native plugins compatible for Editor in 0.77 ms, found 1 plugins.
Preloading 0 native plugins for Editor in 0.00 ms.
Unloading 2666 Unused Serialized files (Serialized files now loaded: 0)
System memory in use before: 140.2 MB.
System memory in use after: 140.4 MB.

Unloading 11 unused Assets to reduce memory usage. Loaded Objects now: 3634.
Total: 9.986000 ms (FindLiveObjects: 0.466400 ms CreateObjectMapping: 0.344200 ms MarkObjects: 9.071700 ms  DeleteObjects: 0.100800 ms)

========================================================================
Received Prepare
Registering precompiled user dll's ...
Registered in 0.006938 seconds.
Begin MonoManager ReloadAssembly
Native extension for WindowsStandalone target not found
Refreshing native plugins compatible for Editor in 1.60 ms, found 1 plugins.
Preloading 0 native plugins for Editor in 0.00 ms.
Mono: successfully reloaded assembly
- Completed reload, in  5.760 seconds
Platform modules already initialized, skipping
Refreshing native plugins compatible for Editor in 0.93 ms, found 1 plugins.
Preloading 0 native plugins for Editor in 0.00 ms.
Unloading 2667 Unused Serialized files (Serialized files now loaded: 0)
System memory in use before: 140.2 MB.
System memory in use after: 140.4 MB.

Unloading 10 unused Assets to reduce memory usage. Loaded Objects now: 3638.
Total: 10.554700 ms (FindLiveObjects: 0.380500 ms CreateObjectMapping: 6.396300 ms MarkObjects: 3.664300 ms  DeleteObjects: 0.110700 ms)

========================================================================
Received Prepare
Registering precompiled user dll's ...
Registered in 0.009174 seconds.
Begin MonoManager ReloadAssembly
Native extension for WindowsStandalone target not found
Refreshing native plugins compatible for Editor in 0.96 ms, found 1 plugins.
Preloading 0 native plugins for Editor in 0.00 ms.
Mono: successfully reloaded assembly
- Completed reload, in  3.982 seconds
Platform modules already initialized, skipping
Refreshing native plugins compatible for Editor in 3.34 ms, found 1 plugins.
Preloading 0 native plugins for Editor in 0.00 ms.
Unloading 2667 Unused Serialized files (Serialized files now loaded: 0)
System memory in use before: 140.2 MB.
System memory in use after: 140.4 MB.

Unloading 10 unused Assets to reduce memory usage. Loaded Objects now: 3641.
Total: 8.906900 ms (FindLiveObjects: 2.157400 ms CreateObjectMapping: 0.906600 ms MarkObjects: 5.648700 ms  DeleteObjects: 0.189800 ms)

========================================================================
Received Prepare
Registering precompiled user dll's ...
Registered in 0.017092 seconds.
Begin MonoManager ReloadAssembly
Native extension for WindowsStandalone target not found
Refreshing native plugins compatible for Editor in 1.08 ms, found 1 plugins.
Preloading 0 native plugins for Editor in 0.00 ms.
Mono: successfully reloaded assembly
- Completed reload, in  3.783 seconds
Platform modules already initialized, skipping
Refreshing native plugins compatible for Editor in 5.68 ms, found 1 plugins.
Preloading 0 native plugins for Editor in 0.00 ms.
Unloading 2667 Unused Serialized files (Serialized files now loaded: 0)
System memory in use before: 140.2 MB.
System memory in use after: 140.4 MB.

Unloading 10 unused Assets to reduce memory usage. Loaded Objects now: 3644.
Total: 8.561400 ms (FindLiveObjects: 0.724000 ms CreateObjectMapping: 0.340600 ms MarkObjects: 7.358300 ms  DeleteObjects: 0.135300 ms)

========================================================================
Received Prepare
Registering precompiled user dll's ...
Registered in 0.039313 seconds.
Begin MonoManager ReloadAssembly
Native extension for WindowsStandalone target not found
Refreshing native plugins compatible for Editor in 1.37 ms, found 1 plugins.
Preloading 0 native plugins for Editor in 0.00 ms.
Mono: successfully reloaded assembly
- Completed reload, in  4.713 seconds
Platform modules already initialized, skipping
Refreshing native plugins compatible for Editor in 0.78 ms, found 1 plugins.
Preloading 0 native plugins for Editor in 0.00 ms.
Unloading 2667 Unused Serialized files (Serialized files now loaded: 0)
System memory in use before: 140.4 MB.
System memory in use after: 140.6 MB.

Unloading 10 unused Assets to reduce memory usage. Loaded Objects now: 3647.
Total: 8.855300 ms (FindLiveObjects: 1.228000 ms CreateObjectMapping: 1.026600 ms MarkObjects: 6.451900 ms  DeleteObjects: 0.144400 ms)

========================================================================
Received Prepare
Registering precompiled user dll's ...
Registered in 0.025724 seconds.
Begin MonoManager ReloadAssembly
Native extension for WindowsStandalone target not found
Refreshing native plugins compatible for Editor in 3.55 ms, found 1 plugins.
Preloading 0 native plugins for Editor in 0.00 ms.
Mono: successfully reloaded assembly
- Completed reload, in  5.552 seconds
Platform modules already initialized, skipping
Refreshing native plugins compatible for Editor in 1.03 ms, found 1 plugins.
Preloading 0 native plugins for Editor in 0.00 ms.
Unloading 2667 Unused Serialized files (Serialized files now loaded: 0)
System memory in use before: 140.4 MB.
System memory in use after: 140.6 MB.

Unloading 10 unused Assets to reduce memory usage. Loaded Objects now: 3650.
Total: 5.312800 ms (FindLiveObjects: 0.448100 ms CreateObjectMapping: 0.328200 ms MarkObjects: 4.436200 ms  DeleteObjects: 0.097300 ms)

========================================================================
Received Prepare
Registering precompiled user dll's ...
Registered in 0.010318 seconds.
Begin MonoManager ReloadAssembly
Native extension for WindowsStandalone target not found
Refreshing native plugins compatible for Editor in 0.80 ms, found 1 plugins.
Preloading 0 native plugins for Editor in 0.00 ms.
Mono: successfully reloaded assembly
- Completed reload, in  2.245 seconds
Platform modules already initialized, skipping
Refreshing native plugins compatible for Editor in 0.79 ms, found 1 plugins.
Preloading 0 native plugins for Editor in 0.00 ms.
Unloading 2668 Unused Serialized files (Serialized files now loaded: 0)
System memory in use before: 140.4 MB.
System memory in use after: 140.6 MB.

Unloading 10 unused Assets to reduce memory usage. Loaded Objects now: 3654.
Total: 4.589900 ms (FindLiveObjects: 0.455700 ms CreateObjectMapping: 1.044900 ms MarkObjects: 3.002800 ms  DeleteObjects: 0.083500 ms)

========================================================================
Received Import Request.
  Time since last request: 8560.447675 seconds.
  path: Assets/Scripts/MainMenu.cs
  artifactKey: Guid(6f635f8840c726a4b9163bb9c44e15ea) Importer(815301076,1909f56bfc062723c751e8b465ee728b)
Start importing Assets/Scripts/MainMenu.cs using Guid(6f635f8840c726a4b9163bb9c44e15ea) Importer(815301076,1909f56bfc062723c751e8b465ee728b)  -> (artifact id: '00000000000000000000000000000000') in 0.002946 seconds  code(4) message(Build asset version error: assets/scripts/mainmenu.cs in SourceAssetDB has modification time of '2023-10-05T19:59:21.6536646Z' while content on disk has modification time of '2023-10-05T20:00:21.475576Z')
  ERROR: Build asset version error: assets/scripts/mainmenu.cs in SourceAssetDB has modification time of '2023-10-05T19:59:21.6536646Z' while content on disk has modification time of '2023-10-05T20:00:21.475576Z'
========================================================================
Received Import Request.
  Time since last request: 165.344496 seconds.
  path: Assets/Scripts/MainMenu.cs
  artifactKey: Guid(6f635f8840c726a4b9163bb9c44e15ea) Importer(815301076,1909f56bfc062723c751e8b465ee728b)
Start importing Assets/Scripts/MainMenu.cs using Guid(6f635f8840c726a4b9163bb9c44e15ea) Importer(815301076,1909f56bfc062723c751e8b465ee728b)  -> (artifact id: 'b79d3aa1b2e8fbfe19fc606fd09e498d') in 0.027989 seconds 
========================================================================
Received Prepare
Registering precompiled user dll's ...
Registered in 0.007326 seconds.
Begin MonoManager ReloadAssembly
Native extension for WindowsStandalone target not found
Refreshing native plugins compatible for Editor in 0.77 ms, found 1 plugins.
Preloading 0 native plugins for Editor in 0.00 ms.
Mono: successfully reloaded assembly
- Completed reload, in  4.342 seconds
Platform modules already initialized, skipping
Refreshing native plugins compatible for Editor in 0.78 ms, found 1 plugins.
Preloading 0 native plugins for Editor in 0.00 ms.
Unloading 2667 Unused Serialized files (Serialized files now loaded: 0)
System memory in use before: 140.4 MB.
System memory in use after: 140.6 MB.

Unloading 10 unused Assets to reduce memory usage. Loaded Objects now: 3656.
Total: 3.976000 ms (FindLiveObjects: 0.410600 ms CreateObjectMapping: 0.239000 ms MarkObjects: 3.244400 ms  DeleteObjects: 0.078600 ms)

========================================================================
Received Prepare
Registering precompiled user dll's ...
Registered in 0.011367 seconds.
Begin MonoManager ReloadAssembly
Native extension for WindowsStandalone target not found
Refreshing native plugins compatible for Editor in 1.16 ms, found 1 plugins.
Preloading 0 native plugins for Editor in 0.00 ms.
Mono: successfully reloaded assembly
- Completed reload, in  5.541 seconds
Platform modules already initialized, skipping
Refreshing native plugins compatible for Editor in 0.80 ms, found 1 plugins.
Preloading 0 native plugins for Editor in 0.00 ms.
Unloading 2668 Unused Serialized files (Serialized files now loaded: 0)
System memory in use before: 140.5 MB.
System memory in use after: 140.7 MB.

Unloading 10 unused Assets to reduce memory usage. Loaded Objects now: 3660.
Total: 6.425400 ms (FindLiveObjects: 0.498100 ms CreateObjectMapping: 0.375900 ms MarkObjects: 5.463500 ms  DeleteObjects: 0.084200 ms)

========================================================================
Received Prepare
Registering precompiled user dll's ...
Registered in 0.018710 seconds.
Begin MonoManager ReloadAssembly
Native extension for WindowsStandalone target not found
Refreshing native plugins compatible for Editor in 37.92 ms, found 1 plugins.
Preloading 0 native plugins for Editor in 0.00 ms.
Mono: successfully reloaded assembly
- Completed reload, in  3.810 seconds
Platform modules already initialized, skipping
Refreshing native plugins compatible for Editor in 1.34 ms, found 1 plugins.
Preloading 0 native plugins for Editor in 0.00 ms.
Unloading 2668 Unused Serialized files (Serialized files now loaded: 0)
System memory in use before: 140.5 MB.
System memory in use after: 140.7 MB.

Unloading 10 unused Assets to reduce memory usage. Loaded Objects now: 3663.
Total: 41.798000 ms (FindLiveObjects: 0.382000 ms CreateObjectMapping: 0.279700 ms MarkObjects: 41.055500 ms  DeleteObjects: 0.078000 ms)

========================================================================
Received Prepare
Registering precompiled user dll's ...
Registered in 0.008093 seconds.
Begin MonoManager ReloadAssembly
Native extension for WindowsStandalone target not found
Refreshing native plugins compatible for Editor in 0.77 ms, found 1 plugins.
Preloading 0 native plugins for Editor in 0.00 ms.
Mono: successfully reloaded assembly
- Completed reload, in  4.565 seconds
Platform modules already initialized, skipping
Refreshing native plugins compatible for Editor in 0.84 ms, found 1 plugins.
Preloading 0 native plugins for Editor in 0.00 ms.
Unloading 2668 Unused Serialized files (Serialized files now loaded: 0)
System memory in use before: 140.5 MB.
System memory in use after: 140.7 MB.

Unloading 10 unused Assets to reduce memory usage. Loaded Objects now: 3666.
Total: 4.292000 ms (FindLiveObjects: 0.383300 ms CreateObjectMapping: 0.205500 ms MarkObjects: 3.619500 ms  DeleteObjects: 0.080700 ms)

========================================================================
Received Prepare
Registering precompiled user dll's ...
Registered in 0.029336 seconds.
Begin MonoManager ReloadAssembly
Native extension for WindowsStandalone target not found
Refreshing native plugins compatible for Editor in 16.09 ms, found 1 plugins.
Preloading 0 native plugins for Editor in 0.00 ms.
Mono: successfully reloaded assembly
- Completed reload, in 11.783 seconds
Platform modules already initialized, skipping
Refreshing native plugins compatible for Editor in 0.78 ms, found 1 plugins.
Preloading 0 native plugins for Editor in 0.00 ms.
Unloading 2668 Unused Serialized files (Serialized files now loaded: 0)
System memory in use before: 140.5 MB.
System memory in use after: 140.7 MB.

Unloading 10 unused Assets to reduce memory usage. Loaded Objects now: 3669.
Total: 3.739000 ms (FindLiveObjects: 0.374400 ms CreateObjectMapping: 0.217400 ms MarkObjects: 3.063200 ms  DeleteObjects: 0.080800 ms)

========================================================================
Received Prepare
Registering precompiled user dll's ...
Registered in 0.017237 seconds.
Begin MonoManager ReloadAssembly
Native extension for WindowsStandalone target not found
Refreshing native plugins compatible for Editor in 1.04 ms, found 1 plugins.
Preloading 0 native plugins for Editor in 0.00 ms.
Mono: successfully reloaded assembly
- Completed reload, in  2.838 seconds
Platform modules already initialized, skipping
Refreshing native plugins compatible for Editor in 1.13 ms, found 1 plugins.
Preloading 0 native plugins for Editor in 0.00 ms.
Unloading 2668 Unused Serialized files (Serialized files now loaded: 0)
System memory in use before: 140.5 MB.
System memory in use after: 140.7 MB.

Unloading 10 unused Assets to reduce memory usage. Loaded Objects now: 3672.
Total: 7.487600 ms (FindLiveObjects: 0.490000 ms CreateObjectMapping: 0.519400 ms MarkObjects: 6.319900 ms  DeleteObjects: 0.155400 ms)

========================================================================
Received Import Request.
  Time since last request: 475.547037 seconds.
  path: Assets/Menu.cs
  artifactKey: Guid(d3390848c8c48ad4fafa4846f6ef07c6) Importer(815301076,1909f56bfc062723c751e8b465ee728b)
Start importing Assets/Menu.cs using Guid(d3390848c8c48ad4fafa4846f6ef07c6) Importer(815301076,1909f56bfc062723c751e8b465ee728b)  -> (artifact id: '051e2940a4475d6c730378abc46c8883') in 0.020219 seconds 
========================================================================
Received Prepare
Registering precompiled user dll's ...
Registered in 0.005888 seconds.
Begin MonoManager ReloadAssembly
Native extension for WindowsStandalone target not found
Refreshing native plugins compatible for Editor in 0.79 ms, found 1 plugins.
Preloading 0 native plugins for Editor in 0.00 ms.
Mono: successfully reloaded assembly
- Completed reload, in  2.972 seconds
Platform modules already initialized, skipping
Refreshing native plugins compatible for Editor in 0.95 ms, found 1 plugins.
Preloading 0 native plugins for Editor in 0.00 ms.
Unloading 2668 Unused Serialized files (Serialized files now loaded: 0)
System memory in use before: 140.5 MB.
System memory in use after: 140.7 MB.

Unloading 10 unused Assets to reduce memory usage. Loaded Objects now: 3675.
Total: 4.268400 ms (FindLiveObjects: 0.491400 ms CreateObjectMapping: 0.367000 ms MarkObjects: 3.318200 ms  DeleteObjects: 0.088500 ms)

========================================================================
Received Prepare
Registering precompiled user dll's ...
Registered in 0.019394 seconds.
Begin MonoManager ReloadAssembly
Native extension for WindowsStandalone target not found
Refreshing native plugins compatible for Editor in 1.63 ms, found 1 plugins.
Preloading 0 native plugins for Editor in 0.00 ms.
Mono: successfully reloaded assembly
- Completed reload, in 12.959 seconds
Platform modules already initialized, skipping
Refreshing native plugins compatible for Editor in 2.35 ms, found 1 plugins.
Preloading 0 native plugins for Editor in 0.00 ms.
Unloading 2668 Unused Serialized files (Serialized files now loaded: 0)
System memory in use before: 140.5 MB.
System memory in use after: 140.7 MB.

Unloading 10 unused Assets to reduce memory usage. Loaded Objects now: 3678.
Total: 15.318200 ms (FindLiveObjects: 0.783800 ms CreateObjectMapping: 0.426000 ms MarkObjects: 13.996200 ms  DeleteObjects: 0.108400 ms)

========================================================================
Received Prepare
Registering precompiled user dll's ...
Registered in 0.008568 seconds.
Begin MonoManager ReloadAssembly
Native extension for WindowsStandalone target not found
Refreshing native plugins compatible for Editor in 2.35 ms, found 1 plugins.
Preloading 0 native plugins for Editor in 0.00 ms.
Mono: successfully reloaded assembly
- Completed reload, in  4.037 seconds
Platform modules already initialized, skipping
Refreshing native plugins compatible for Editor in 0.79 ms, found 1 plugins.
Preloading 0 native plugins for Editor in 0.00 ms.
Unloading 2667 Unused Serialized files (Serialized files now loaded: 0)
System memory in use before: 140.5 MB.
System memory in use after: 140.7 MB.

Unloading 11 unused Assets to reduce memory usage. Loaded Objects now: 3680.
Total: 4.087200 ms (FindLiveObjects: 0.392100 ms CreateObjectMapping: 0.302300 ms MarkObjects: 3.266300 ms  DeleteObjects: 0.123400 ms)

========================================================================
Received Import Request.
  Time since last request: 614.658551 seconds.
  path: Assets/Scripts/Edit.cs
  artifactKey: Guid(112ca0ba7e0f1de449e6257ee42f01af) Importer(815301076,1909f56bfc062723c751e8b465ee728b)
Start importing Assets/Scripts/Edit.cs using Guid(112ca0ba7e0f1de449e6257ee42f01af) Importer(815301076,1909f56bfc062723c751e8b465ee728b)  -> (artifact id: '2c8ed4b9abbd055b5f23608361267504') in 0.012921 seconds 
========================================================================
Received Import Request.
  Time since last request: 4.908958 seconds.
  path: Assets/Scripts/Delete.cs
  artifactKey: Guid(294a576906c10654ba421177835b86ac) Importer(815301076,1909f56bfc062723c751e8b465ee728b)
Start importing Assets/Scripts/Delete.cs using Guid(294a576906c10654ba421177835b86ac) Importer(815301076,1909f56bfc062723c751e8b465ee728b)  -> (artifact id: '71b96b89691941b095aace9024294ce1') in 0.010847 seconds 
========================================================================
Received Import Request.
  Time since last request: 4.209828 seconds.
  path: Assets/Scripts/Student.cs
  artifactKey: Guid(6d5c8f1e4aa2098489b8cfa01f3fcc13) Importer(815301076,1909f56bfc062723c751e8b465ee728b)
Start importing Assets/Scripts/Student.cs using Guid(6d5c8f1e4aa2098489b8cfa01f3fcc13) Importer(815301076,1909f56bfc062723c751e8b465ee728b)  -> (artifact id: 'f4812d8be51a40ed0869af42871c647c') in 0.006141 seconds 
========================================================================
Received Import Request.
  Time since last request: 5987.656343 seconds.
  path: Assets/Scripts/Driver.cs
  artifactKey: Guid(eb571d8d6ec0ee448ada8d96bec7971a) Importer(815301076,1909f56bfc062723c751e8b465ee728b)
Start importing Assets/Scripts/Driver.cs using Guid(eb571d8d6ec0ee448ada8d96bec7971a) Importer(815301076,1909f56bfc062723c751e8b465ee728b)  -> (artifact id: '9b42cca68528c962a19cf6518cd37980') in 11.347983 seconds 
========================================================================
Received Import Request.
  Time since last request: 0.000685 seconds.
  path: Assets/Scripts/Employee.cs
  artifactKey: Guid(d59d91abc3ed78443986caeec3eaeed5) Importer(815301076,1909f56bfc062723c751e8b465ee728b)
Start importing Assets/Scripts/Employee.cs using Guid(d59d91abc3ed78443986caeec3eaeed5) Importer(815301076,1909f56bfc062723c751e8b465ee728b)  -> (artifact id: '2c82da5260fcf68ee2f4debdf2af8e28') in 0.010713 seconds 
========================================================================
Received Prepare
Registering precompiled user dll's ...
Registered in 0.242507 seconds.
Begin MonoManager ReloadAssembly
Native extension for WindowsStandalone target not found
Refreshing native plugins compatible for Editor in 0.82 ms, found 1 plugins.
Preloading 0 native plugins for Editor in 0.00 ms.
Mono: successfully reloaded assembly
- Completed reload, in  4.938 seconds
Platform modules already initialized, skipping
Refreshing native plugins compatible for Editor in 0.89 ms, found 1 plugins.
Preloading 0 native plugins for Editor in 0.00 ms.
Unloading 2667 Unused Serialized files (Serialized files now loaded: 0)
System memory in use before: 140.5 MB.
System memory in use after: 140.7 MB.

Unloading 10 unused Assets to reduce memory usage. Loaded Objects now: 3683.
Total: 7.362700 ms (FindLiveObjects: 0.390000 ms CreateObjectMapping: 0.234400 ms MarkObjects: 6.649500 ms  DeleteObjects: 0.085200 ms)

========================================================================
Received Prepare
Registering precompiled user dll's ...
Registered in 0.011644 seconds.
Begin MonoManager ReloadAssembly
Native extension for WindowsStandalone target not found
Refreshing native plugins compatible for Editor in 0.85 ms, found 1 plugins.
Preloading 0 native plugins for Editor in 0.00 ms.
Mono: successfully reloaded assembly
- Completed reload, in  5.155 seconds
Platform modules already initialized, skipping
Refreshing native plugins compatible for Editor in 3.30 ms, found 1 plugins.
Preloading 0 native plugins for Editor in 0.00 ms.
Unloading 2667 Unused Serialized files (Serialized files now loaded: 0)
System memory in use before: 140.5 MB.
System memory in use after: 140.7 MB.

Unloading 10 unused Assets to reduce memory usage. Loaded Objects now: 3686.
Total: 68.382500 ms (FindLiveObjects: 0.438300 ms CreateObjectMapping: 0.324300 ms MarkObjects: 67.532700 ms  DeleteObjects: 0.084600 ms)

========================================================================
Received Import Request.
  Time since last request: 372.705629 seconds.
  path: Assets/Scripts/Add.cs
  artifactKey: Guid(449ed76f8a15c3644a8cb798d848ebc2) Importer(815301076,1909f56bfc062723c751e8b465ee728b)
Start importing Assets/Scripts/Add.cs using Guid(449ed76f8a15c3644a8cb798d848ebc2) Importer(815301076,1909f56bfc062723c751e8b465ee728b)  -> (artifact id: 'f44ab6f7aca391a0d348257f11e5f977') in 0.048979 seconds 
========================================================================
Received Prepare
Registering precompiled user dll's ...
Registered in 0.206595 seconds.
Begin MonoManager ReloadAssembly
Native extension for WindowsStandalone target not found
Refreshing native plugins compatible for Editor in 0.76 ms, found 1 plugins.
Preloading 0 native plugins for Editor in 0.00 ms.
Mono: successfully reloaded assembly
- Completed reload, in  4.455 seconds
Platform modules already initialized, skipping
Refreshing native plugins compatible for Editor in 0.89 ms, found 1 plugins.
Preloading 0 native plugins for Editor in 0.00 ms.
Unloading 2667 Unused Serialized files (Serialized files now loaded: 0)
System memory in use before: 140.5 MB.
System memory in use after: 140.7 MB.

Unloading 10 unused Assets to reduce memory usage. Loaded Objects now: 3689.
Total: 9.915500 ms (FindLiveObjects: 0.401700 ms CreateObjectMapping: 0.615000 ms MarkObjects: 8.754100 ms  DeleteObjects: 0.141000 ms)

========================================================================
Received Import Request.
  Time since last request: 55036.496953 seconds.
  path: Assets/Scripts/Student.cs
  artifactKey: Guid(6d5c8f1e4aa2098489b8cfa01f3fcc13) Importer(815301076,1909f56bfc062723c751e8b465ee728b)
Start importing Assets/Scripts/Student.cs using Guid(6d5c8f1e4aa2098489b8cfa01f3fcc13) Importer(815301076,1909f56bfc062723c751e8b465ee728b)  -> (artifact id: '3389c8317132f5f1fc7d1371938ea122') in 0.014851 seconds 
========================================================================
Received Import Request.
  Time since last request: 3017.023411 seconds.
  path: Assets/Scripts/Student.cs
  artifactKey: Guid(6d5c8f1e4aa2098489b8cfa01f3fcc13) Importer(815301076,1909f56bfc062723c751e8b465ee728b)
Start importing Assets/Scripts/Student.cs using Guid(6d5c8f1e4aa2098489b8cfa01f3fcc13) Importer(815301076,1909f56bfc062723c751e8b465ee728b)  -> (artifact id: '00154034f23c06e2ad37f76c492cfccd') in 0.006771 seconds 
========================================================================
Received Import Request.
  Time since last request: 431.304817 seconds.
  path: Assets/Scripts/Student.cs
  artifactKey: Guid(6d5c8f1e4aa2098489b8cfa01f3fcc13) Importer(815301076,1909f56bfc062723c751e8b465ee728b)
Start importing Assets/Scripts/Student.cs using Guid(6d5c8f1e4aa2098489b8cfa01f3fcc13) Importer(815301076,1909f56bfc062723c751e8b465ee728b)  -> (artifact id: '9b4cb35c31d60df58fe1f5192979c5df') in 0.011630 seconds 
========================================================================
Received Import Request.
  Time since last request: 9.483232 seconds.
  path: Assets/Scripts/Employee.cs
  artifactKey: Guid(d59d91abc3ed78443986caeec3eaeed5) Importer(815301076,1909f56bfc062723c751e8b465ee728b)
Start importing Assets/Scripts/Employee.cs using Guid(d59d91abc3ed78443986caeec3eaeed5) Importer(815301076,1909f56bfc062723c751e8b465ee728b)  -> (artifact id: '218982e93723287b94ee78a81179b90f') in 0.014166 seconds 
========================================================================
Received Import Request.
  Time since last request: 1.418209 seconds.
  path: Assets/Scripts/Driver.cs
  artifactKey: Guid(eb571d8d6ec0ee448ada8d96bec7971a) Importer(815301076,1909f56bfc062723c751e8b465ee728b)
Start importing Assets/Scripts/Driver.cs using Guid(eb571d8d6ec0ee448ada8d96bec7971a) Importer(815301076,1909f56bfc062723c751e8b465ee728b)  -> (artifact id: 'f0d76b508f5dc473474bd27cd89c5e55') in 0.082517 seconds 
========================================================================
Received Import Request.
  Time since last request: 29448.128373 seconds.
  path: Assets/Scripts/Student.cs
  artifactKey: Guid(6d5c8f1e4aa2098489b8cfa01f3fcc13) Importer(815301076,1909f56bfc062723c751e8b465ee728b)
Start importing Assets/Scripts/Student.cs using Guid(6d5c8f1e4aa2098489b8cfa01f3fcc13) Importer(815301076,1909f56bfc062723c751e8b465ee728b)  -> (artifact id: 'eac08fe0bacd1f38ffac332d17fdaa16') in 0.041119 seconds 
========================================================================
Received Import Request.
  Time since last request: 13.747646 seconds.
  path: Assets/Scripts/Employee.cs
  artifactKey: Guid(d59d91abc3ed78443986caeec3eaeed5) Importer(815301076,1909f56bfc062723c751e8b465ee728b)
Start importing Assets/Scripts/Employee.cs using Guid(d59d91abc3ed78443986caeec3eaeed5) Importer(815301076,1909f56bfc062723c751e8b465ee728b)  -> (artifact id: '68c66efb62fec5992e9702280d8f427d') in 0.044440 seconds 
========================================================================
Received Import Request.
  Time since last request: 0.921301 seconds.
  path: Assets/Scripts/Driver.cs
  artifactKey: Guid(eb571d8d6ec0ee448ada8d96bec7971a) Importer(815301076,1909f56bfc062723c751e8b465ee728b)
Start importing Assets/Scripts/Driver.cs using Guid(eb571d8d6ec0ee448ada8d96bec7971a) Importer(815301076,1909f56bfc062723c751e8b465ee728b)  -> (artifact id: 'f2989512a70409be4e3e3dd520cd3737') in 0.022833 seconds 
========================================================================
Received Import Request.
  Time since last request: 5097.202358 seconds.
  path: Assets/Scripts/Menu.cs
  artifactKey: Guid(d3390848c8c48ad4fafa4846f6ef07c6) Importer(815301076,1909f56bfc062723c751e8b465ee728b)
Start importing Assets/Scripts/Menu.cs using Guid(d3390848c8c48ad4fafa4846f6ef07c6) Importer(815301076,1909f56bfc062723c751e8b465ee728b)  -> (artifact id: '73e546b8a9d97b9b1df5dafd2425acaa') in 0.116626 seconds 
========================================================================
Received Import Request.
  Time since last request: 11.218844 seconds.
  path: Assets/Scripts/Student.cs
  artifactKey: Guid(6d5c8f1e4aa2098489b8cfa01f3fcc13) Importer(815301076,1909f56bfc062723c751e8b465ee728b)
Start importing Assets/Scripts/Student.cs using Guid(6d5c8f1e4aa2098489b8cfa01f3fcc13) Importer(815301076,1909f56bfc062723c751e8b465ee728b)  -> (artifact id: 'f370701b1a8b0d339a925ecb43fdba3a') in 0.070086 seconds 
========================================================================
Received Import Request.
  Time since last request: 1.492651 seconds.
  path: Assets/Scripts/Employee.cs
  artifactKey: Guid(d59d91abc3ed78443986caeec3eaeed5) Importer(815301076,1909f56bfc062723c751e8b465ee728b)
Start importing Assets/Scripts/Employee.cs using Guid(d59d91abc3ed78443986caeec3eaeed5) Importer(815301076,1909f56bfc062723c751e8b465ee728b)  -> (artifact id: '4de27ec353bd7bf741863c0a8a77f58e') in 0.024615 seconds 
========================================================================
Received Import Request.
  Time since last request: 521.172534 seconds.
  path: Assets/Scripts/Student.cs
  artifactKey: Guid(6d5c8f1e4aa2098489b8cfa01f3fcc13) Importer(815301076,1909f56bfc062723c751e8b465ee728b)
Start importing Assets/Scripts/Student.cs using Guid(6d5c8f1e4aa2098489b8cfa01f3fcc13) Importer(815301076,1909f56bfc062723c751e8b465ee728b)  -> (artifact id: 'cc153628e83cd07281542be98b17d8b4') in 0.099762 seconds 
========================================================================
Received Import Request.
  Time since last request: 4.826231 seconds.
  path: Assets/Scripts/Menu.cs
  artifactKey: Guid(d3390848c8c48ad4fafa4846f6ef07c6) Importer(815301076,1909f56bfc062723c751e8b465ee728b)
Start importing Assets/Scripts/Menu.cs using Guid(d3390848c8c48ad4fafa4846f6ef07c6) Importer(815301076,1909f56bfc062723c751e8b465ee728b)  -> (artifact id: '46d18c883b2a9d3cceeca4620fc59c86') in 0.031346 seconds 
========================================================================
Received Import Request.
  Time since last request: 0.684576 seconds.
  path: Assets/Scripts/Employee.cs
  artifactKey: Guid(d59d91abc3ed78443986caeec3eaeed5) Importer(815301076,1909f56bfc062723c751e8b465ee728b)
Start importing Assets/Scripts/Employee.cs using Guid(d59d91abc3ed78443986caeec3eaeed5) Importer(815301076,1909f56bfc062723c751e8b465ee728b)  -> (artifact id: '07af1a3d294e6b8c5f50d0aa19b9c5bc') in 0.038341 seconds 
========================================================================
Received Import Request.
  Time since last request: 1029.938673 seconds.
  path: Assets/Scripts/Edit.cs
  artifactKey: Guid(112ca0ba7e0f1de449e6257ee42f01af) Importer(815301076,1909f56bfc062723c751e8b465ee728b)
Start importing Assets/Scripts/Edit.cs using Guid(112ca0ba7e0f1de449e6257ee42f01af) Importer(815301076,1909f56bfc062723c751e8b465ee728b)  -> (artifact id: 'c402ea459dcdf61f32459bbb229f92e9') in 0.012720 seconds 
========================================================================
Received Import Request.
  Time since last request: 1.339128 seconds.
  path: Assets/Scripts/Driver.cs
  artifactKey: Guid(eb571d8d6ec0ee448ada8d96bec7971a) Importer(815301076,1909f56bfc062723c751e8b465ee728b)
Start importing Assets/Scripts/Driver.cs using Guid(eb571d8d6ec0ee448ada8d96bec7971a) Importer(815301076,1909f56bfc062723c751e8b465ee728b)  -> (artifact id: '73a7680ca4164a39401fcdda9008d52d') in 0.018262 seconds 
========================================================================
Received Import Request.
  Time since last request: 1.493136 seconds.
  path: Assets/Scripts/Delete.cs
  artifactKey: Guid(294a576906c10654ba421177835b86ac) Importer(815301076,1909f56bfc062723c751e8b465ee728b)
Start importing Assets/Scripts/Delete.cs using Guid(294a576906c10654ba421177835b86ac) Importer(815301076,1909f56bfc062723c751e8b465ee728b)  -> (artifact id: 'b5d789d158b2977f45475043024f13d9') in 0.050207 seconds 
========================================================================
Received Import Request.
  Time since last request: 1.105359 seconds.
  path: Assets/Scripts/Add.cs
  artifactKey: Guid(449ed76f8a15c3644a8cb798d848ebc2) Importer(815301076,1909f56bfc062723c751e8b465ee728b)
Start importing Assets/Scripts/Add.cs using Guid(449ed76f8a15c3644a8cb798d848ebc2) Importer(815301076,1909f56bfc062723c751e8b465ee728b)  -> (artifact id: '2f3e9870c2073745f724724dc2cbd929') in 0.035801 seconds 
========================================================================
Received Import Request.
  Time since last request: 168.519782 seconds.
  path: Assets/Scripts/Human.cs
  artifactKey: Guid(24dbdc19ecc0afb4e8d6ae4cee407738) Importer(815301076,1909f56bfc062723c751e8b465ee728b)
Start importing Assets/Scripts/Human.cs using Guid(24dbdc19ecc0afb4e8d6ae4cee407738) Importer(815301076,1909f56bfc062723c751e8b465ee728b)  -> (artifact id: 'e338723b23d77fd5bfa1703837ac9b93') in 0.046417 seconds 
========================================================================
Received Import Request.
  Time since last request: 24.006106 seconds.
  path: Assets/Scripts/Human.cs
  artifactKey: Guid(24dbdc19ecc0afb4e8d6ae4cee407738) Importer(815301076,1909f56bfc062723c751e8b465ee728b)
Start importing Assets/Scripts/Human.cs using Guid(24dbdc19ecc0afb4e8d6ae4cee407738) Importer(815301076,1909f56bfc062723c751e8b465ee728b)  -> (artifact id: '6b407c8d93a09762ebf1ecb64b3fbde3') in 0.080419 seconds 
