Using pre-set license
Built from '2021.1/staging' branch; Version is '2021.1.6f1 (c0fade0cc7e9) revision 12647134'; Using compiler version '192528614'; Build Type 'Release'
OS: 'Windows 10 Pro; OS build 19045.2486; Version 2009; 64bit' Language: 'ru' Physical Memory: 7805 MB
BatchMode: 1, IsHumanControllingUs: 0, StartBugReporterOnCrash: 0, Is64bit: 1, IsPro: 0

 COMMAND LINE ARGUMENTS:
C:\Program Files\Unity 2021.1.6f1\Editor\Unity.exe
-adb2
-batchMode
-noUpm
-name
AssetImportWorker3
-projectPath
G:/Учеба/C#/Unity задачи/Classandobject
-logFile
Logs/AssetImportWorker3.log
-srvPort
51709
Successfully changed project path to: G:/Учеба/C#/Unity задачи/Classandobject
G:/Учеба/C#/Unity задачи/Classandobject
Using Asset Import Pipeline V2.
Refreshing native plugins compatible for Editor in 352.39 ms, found 1 plugins.
Preloading 0 native plugins for Editor in 0.00 ms.
Initialize engine version: 2021.1.6f1 (c0fade0cc7e9)
[Subsystems] Discovering subsystems at path C:/Program Files/Unity 2021.1.6f1/Editor/Data/Resources/UnitySubsystems
[Subsystems] Discovering subsystems at path G:/Учеба/C#/Unity задачи/Classandobject/Assets
GfxDevice: creating device client; threaded=0; jobified=0
Direct3D:
    Version:  Direct3D 11.0 [level 11.0]
    Renderer: Intel(R) HD Graphics (ID=0x156)
    Vendor:   Intel
    VRAM:     128 MB
    Driver:   10.18.10.5161
Initialize mono
Mono path[0] = 'C:/Program Files/Unity 2021.1.6f1/Editor/Data/Managed'
Mono path[1] = 'C:/Program Files/Unity 2021.1.6f1/Editor/Data/MonoBleedingEdge/lib/mono/unityjit'
Mono config path = 'C:/Program Files/Unity 2021.1.6f1/Editor/Data/MonoBleedingEdge/etc'
Using monoOptions --debugger-agent=transport=dt_socket,embedding=1,server=y,suspend=n,address=127.0.0.1:56924
Begin MonoManager ReloadAssembly
Registering precompiled unity dll's ...
Register platform support module: C:/Program Files/Unity 2021.1.6f1/Editor/Data/PlaybackEngines/WindowsStandaloneSupport/UnityEditor.WindowsStandalone.Extensions.dll
Registered in 0.010182 seconds.
Native extension for WindowsStandalone target not found
Refreshing native plugins compatible for Editor in 175.87 ms, found 1 plugins.
Preloading 0 native plugins for Editor in 0.00 ms.
Mono: successfully reloaded assembly
- Completed reload, in  4.510 seconds
Platform modules already initialized, skipping
Registering precompiled user dll's ...
Registered in 0.005635 seconds.
Begin MonoManager ReloadAssembly
Native extension for WindowsStandalone target not found
Refreshing native plugins compatible for Editor in 1.08 ms, found 1 plugins.
Preloading 0 native plugins for Editor in 0.00 ms.
Mono: successfully reloaded assembly
- Completed reload, in  3.860 seconds
Platform modules already initialized, skipping
========================================================================
Worker process is ready to serve import requests
Launched and connected shader compiler UnityShaderCompiler.exe after 0.11 seconds
Refreshing native plugins compatible for Editor in 0.74 ms, found 1 plugins.
Preloading 0 native plugins for Editor in 0.00 ms.
Unloading 2673 Unused Serialized files (Serialized files now loaded: 0)
System memory in use before: 98.5 MB.
System memory in use after: 98.7 MB.

Unloading 15 unused Assets to reduce memory usage. Loaded Objects now: 3126.
Total: 4.636800 ms (FindLiveObjects: 0.396600 ms CreateObjectMapping: 0.349700 ms MarkObjects: 3.757900 ms  DeleteObjects: 0.129700 ms)

========================================================================
Received Import Request.
  path: Assets/Scripts/Human.cs
  artifactKey: Guid(24dbdc19ecc0afb4e8d6ae4cee407738) Importer(815301076,1909f56bfc062723c751e8b465ee728b)
Start importing Assets/Scripts/Human.cs using Guid(24dbdc19ecc0afb4e8d6ae4cee407738) Importer(815301076,1909f56bfc062723c751e8b465ee728b)  -> (artifact id: '36e6b71fdf8cec2062fcc039eae5de9e') in 0.044975 seconds 
========================================================================
Received Import Request.
  Time since last request: 1147.870763 seconds.
  path: Assets/Scripts/Human.cs
  artifactKey: Guid(24dbdc19ecc0afb4e8d6ae4cee407738) Importer(815301076,1909f56bfc062723c751e8b465ee728b)
Start importing Assets/Scripts/Human.cs using Guid(24dbdc19ecc0afb4e8d6ae4cee407738) Importer(815301076,1909f56bfc062723c751e8b465ee728b)  -> (artifact id: 'a13d50fc8551935b3d2ec22947abb453') in 0.080392 seconds 
========================================================================
Received Import Request.
  Time since last request: 157.428432 seconds.
  path: Assets/Scripts/Human.cs
  artifactKey: Guid(24dbdc19ecc0afb4e8d6ae4cee407738) Importer(815301076,1909f56bfc062723c751e8b465ee728b)
Start importing Assets/Scripts/Human.cs using Guid(24dbdc19ecc0afb4e8d6ae4cee407738) Importer(815301076,1909f56bfc062723c751e8b465ee728b)  -> (artifact id: '268ea095fba724a345b8928b4b3d0d41') in 0.007792 seconds 
========================================================================
Received Import Request.
  Time since last request: 1642.055096 seconds.
  path: Assets/Scripts/Human.cs
  artifactKey: Guid(24dbdc19ecc0afb4e8d6ae4cee407738) Importer(815301076,1909f56bfc062723c751e8b465ee728b)
Start importing Assets/Scripts/Human.cs using Guid(24dbdc19ecc0afb4e8d6ae4cee407738) Importer(815301076,1909f56bfc062723c751e8b465ee728b)  -> (artifact id: 'af5d086b1d559a2c2848923fe2c3a744') in 0.019026 seconds 
========================================================================
Received Import Request.
  Time since last request: 1474.845588 seconds.
  path: Assets/Scripts/Human.cs
  artifactKey: Guid(24dbdc19ecc0afb4e8d6ae4cee407738) Importer(815301076,1909f56bfc062723c751e8b465ee728b)
Start importing Assets/Scripts/Human.cs using Guid(24dbdc19ecc0afb4e8d6ae4cee407738) Importer(815301076,1909f56bfc062723c751e8b465ee728b)  -> (artifact id: 'd7de4808fff84498e1d761eb11f3a514') in 0.031497 seconds 
========================================================================
Received Import Request.
  Time since last request: 33.536397 seconds.
  path: Assets/Scripts/Human.cs
  artifactKey: Guid(24dbdc19ecc0afb4e8d6ae4cee407738) Importer(815301076,1909f56bfc062723c751e8b465ee728b)
Start importing Assets/Scripts/Human.cs using Guid(24dbdc19ecc0afb4e8d6ae4cee407738) Importer(815301076,1909f56bfc062723c751e8b465ee728b)  -> (artifact id: 'bbc4fe722b03ac183d9478aee2a3f0a9') in 0.025306 seconds 
========================================================================
Received Import Request.
  Time since last request: 131.859800 seconds.
  path: Assets/Scripts/Human.cs
  artifactKey: Guid(24dbdc19ecc0afb4e8d6ae4cee407738) Importer(815301076,1909f56bfc062723c751e8b465ee728b)
Start importing Assets/Scripts/Human.cs using Guid(24dbdc19ecc0afb4e8d6ae4cee407738) Importer(815301076,1909f56bfc062723c751e8b465ee728b)  -> (artifact id: '4d87645179ff055de1703e2508d467bc') in 0.164011 seconds 
